{"/home/travis/build/npmtest/node-npmtest-html5-to-pdf/test.js":{"path":"/home/travis/build/npmtest/node-npmtest-html5-to-pdf/test.js","s":{"1":2,"2":2,"3":2,"4":2,"5":2,"6":2,"7":2,"8":1,"9":2,"10":2,"11":1,"12":1,"13":1,"14":1,"15":2,"16":2,"17":2,"18":2,"19":1,"20":1,"21":2,"22":2,"23":2,"24":1,"25":1,"26":1,"27":1,"28":1,"29":1,"30":1,"31":1,"32":1,"33":1,"34":1,"35":1,"36":1,"37":1,"38":1,"39":2,"40":2,"41":1,"42":2,"43":2,"44":1,"45":2,"46":2,"47":1,"48":2,"49":2,"50":1,"51":1,"52":1,"53":1,"54":1},"b":{"1":[2,1,1,1],"2":[1,1,1,1],"3":[1,1],"4":[1,1],"5":[1,1],"6":[1,1],"7":[1,1],"8":[1,1],"9":[1,1],"10":[1,1,1],"11":[1,1],"12":[1,1],"13":[1,1],"14":[1,1],"15":[1,1],"16":[1,1],"17":[1,1]},"f":{"1":2,"2":2,"3":2,"4":2,"5":2,"6":1,"7":1,"8":1,"9":2,"10":2,"11":2,"12":2,"13":1},"fnMap":{"1":{"name":"(anonymous_1)","line":12,"loc":{"start":{"line":12,"column":1},"end":{"line":12,"column":13}}},"2":{"name":"(anonymous_2)","line":19,"loc":{"start":{"line":19,"column":5},"end":{"line":19,"column":17}}},"3":{"name":"(anonymous_3)","line":23,"loc":{"start":{"line":23,"column":24},"end":{"line":23,"column":36}}},"4":{"name":"(anonymous_4)","line":61,"loc":{"start":{"line":61,"column":5},"end":{"line":61,"column":17}}},"5":{"name":"(anonymous_5)","line":82,"loc":{"start":{"line":82,"column":5},"end":{"line":82,"column":17}}},"6":{"name":"(anonymous_6)","line":91,"loc":{"start":{"line":91,"column":77},"end":{"line":94,"column":10}}},"7":{"name":"(anonymous_7)","line":112,"loc":{"start":{"line":112,"column":83},"end":{"line":115,"column":10}},"skip":true},"8":{"name":"(anonymous_8)","line":123,"loc":{"start":{"line":123,"column":77},"end":{"line":126,"column":10}},"skip":true},"9":{"name":"(anonymous_9)","line":139,"loc":{"start":{"line":139,"column":12},"end":{"line":139,"column":40}},"skip":true},"10":{"name":"(anonymous_10)","line":147,"loc":{"start":{"line":147,"column":77},"end":{"line":150,"column":10}},"skip":true},"11":{"name":"(anonymous_11)","line":158,"loc":{"start":{"line":158,"column":83},"end":{"line":161,"column":10}},"skip":true},"12":{"name":"(anonymous_12)","line":169,"loc":{"start":{"line":169,"column":79},"end":{"line":172,"column":10}},"skip":true},"13":{"name":"(anonymous_13)","line":180,"loc":{"start":{"line":180,"column":75},"end":{"line":183,"column":10}},"skip":true}},"statementMap":{"1":{"start":{"line":12,"column":0},"end":{"line":195,"column":5}},"2":{"start":{"line":14,"column":4},"end":{"line":14,"column":14}},"3":{"start":{"line":19,"column":4},"end":{"line":56,"column":9}},"4":{"start":{"line":21,"column":8},"end":{"line":21,"column":19}},"5":{"start":{"line":23,"column":8},"end":{"line":35,"column":13}},"6":{"start":{"line":24,"column":12},"end":{"line":34,"column":13}},"7":{"start":{"line":25,"column":16},"end":{"line":28,"column":30}},"8":{"start":{"line":30,"column":16},"end":{"line":33,"column":27}},"9":{"start":{"line":37,"column":8},"end":{"line":39,"column":21}},"10":{"start":{"line":40,"column":8},"end":{"line":53,"column":9}},"11":{"start":{"line":43,"column":12},"end":{"line":46,"column":14}},"12":{"start":{"line":47,"column":12},"end":{"line":47,"column":18}},"13":{"start":{"line":50,"column":12},"end":{"line":51,"column":33}},"14":{"start":{"line":52,"column":12},"end":{"line":52,"column":18}},"15":{"start":{"line":55,"column":8},"end":{"line":55,"column":35}},"16":{"start":{"line":61,"column":4},"end":{"line":63,"column":9}},"17":{"start":{"line":62,"column":8},"end":{"line":62,"column":15}},"18":{"start":{"line":64,"column":4},"end":{"line":77,"column":5}},"19":{"start":{"line":70,"column":8},"end":{"line":70,"column":14}},"20":{"start":{"line":76,"column":8},"end":{"line":76,"column":14}},"21":{"start":{"line":82,"column":4},"end":{"line":84,"column":9}},"22":{"start":{"line":83,"column":8},"end":{"line":83,"column":15}},"23":{"start":{"line":85,"column":4},"end":{"line":194,"column":5}},"24":{"start":{"line":91,"column":8},"end":{"line":99,"column":10}},"25":{"start":{"line":98,"column":12},"end":{"line":98,"column":35}},"26":{"start":{"line":102,"column":8},"end":{"line":104,"column":63}},"27":{"start":{"line":105,"column":8},"end":{"line":105,"column":14}},"28":{"start":{"line":112,"column":8},"end":{"line":121,"column":10},"skip":true},"29":{"start":{"line":119,"column":12},"end":{"line":119,"column":55},"skip":true},"30":{"start":{"line":120,"column":12},"end":{"line":120,"column":48},"skip":true},"31":{"start":{"line":123,"column":8},"end":{"line":136,"column":10},"skip":true},"32":{"start":{"line":130,"column":12},"end":{"line":130,"column":76},"skip":true},"33":{"start":{"line":131,"column":12},"end":{"line":131,"column":73},"skip":true},"34":{"start":{"line":132,"column":12},"end":{"line":132,"column":74},"skip":true},"35":{"start":{"line":133,"column":12},"end":{"line":133,"column":79},"skip":true},"36":{"start":{"line":134,"column":12},"end":{"line":134,"column":25},"skip":true},"37":{"start":{"line":135,"column":12},"end":{"line":135,"column":45},"skip":true},"38":{"start":{"line":138,"column":8},"end":{"line":145,"column":14},"skip":true},"39":{"start":{"line":143,"column":16},"end":{"line":143,"column":29},"skip":true},"40":{"start":{"line":144,"column":16},"end":{"line":144,"column":55},"skip":true},"41":{"start":{"line":147,"column":8},"end":{"line":156,"column":10},"skip":true},"42":{"start":{"line":154,"column":12},"end":{"line":154,"column":25},"skip":true},"43":{"start":{"line":155,"column":12},"end":{"line":155,"column":45},"skip":true},"44":{"start":{"line":158,"column":8},"end":{"line":167,"column":10},"skip":true},"45":{"start":{"line":165,"column":12},"end":{"line":165,"column":25},"skip":true},"46":{"start":{"line":166,"column":12},"end":{"line":166,"column":48},"skip":true},"47":{"start":{"line":169,"column":8},"end":{"line":178,"column":10},"skip":true},"48":{"start":{"line":176,"column":12},"end":{"line":176,"column":25},"skip":true},"49":{"start":{"line":177,"column":12},"end":{"line":177,"column":46},"skip":true},"50":{"start":{"line":180,"column":8},"end":{"line":189,"column":10},"skip":true},"51":{"start":{"line":187,"column":12},"end":{"line":187,"column":94},"skip":true},"52":{"start":{"line":188,"column":12},"end":{"line":188,"column":48},"skip":true},"53":{"start":{"line":192,"column":8},"end":{"line":192,"column":35},"skip":true},"54":{"start":{"line":193,"column":8},"end":{"line":193,"column":14},"skip":true}},"branchMap":{"1":{"line":25,"type":"binary-expr","locations":[{"start":{"line":25,"column":23},"end":{"line":25,"column":62}},{"start":{"line":26,"column":20},"end":{"line":26,"column":70}},{"start":{"line":27,"column":20},"end":{"line":27,"column":71}},{"start":{"line":28,"column":20},"end":{"line":28,"column":29}}]},"2":{"line":30,"type":"binary-expr","locations":[{"start":{"line":30,"column":23},"end":{"line":30,"column":37}},{"start":{"line":31,"column":20},"end":{"line":31,"column":61}},{"start":{"line":32,"column":20},"end":{"line":32,"column":70}},{"start":{"line":33,"column":20},"end":{"line":33,"column":26}}]},"3":{"line":37,"type":"cond-expr","locations":[{"start":{"line":38,"column":14},"end":{"line":38,"column":20}},{"start":{"line":39,"column":14},"end":{"line":39,"column":20}}]},"4":{"line":40,"type":"switch","locations":[{"start":{"line":42,"column":8},"end":{"line":47,"column":18}},{"start":{"line":49,"column":8},"end":{"line":52,"column":18}}]},"5":{"line":44,"type":"binary-expr","locations":[{"start":{"line":44,"column":16},"end":{"line":44,"column":44}},{"start":{"line":44,"column":48},"end":{"line":44,"column":66}}]},"6":{"line":50,"type":"binary-expr","locations":[{"start":{"line":50,"column":21},"end":{"line":50,"column":49}},{"start":{"line":50,"column":53},"end":{"line":50,"column":72}}]},"7":{"line":64,"type":"switch","locations":[{"start":{"line":69,"column":4},"end":{"line":70,"column":14}},{"start":{"line":75,"column":4},"end":{"line":76,"column":14}}]},"8":{"line":85,"type":"switch","locations":[{"start":{"line":90,"column":4},"end":{"line":105,"column":14}},{"start":{"line":111,"column":4},"end":{"line":193,"column":14},"skip":true}]},"9":{"line":91,"type":"binary-expr","locations":[{"start":{"line":91,"column":42},"end":{"line":91,"column":73}},{"start":{"line":91,"column":77},"end":{"line":99,"column":9}}]},"10":{"line":102,"type":"binary-expr","locations":[{"start":{"line":102,"column":18},"end":{"line":102,"column":32}},{"start":{"line":103,"column":12},"end":{"line":103,"column":53}},{"start":{"line":104,"column":12},"end":{"line":104,"column":61}}]},"11":{"line":112,"type":"binary-expr","locations":[{"start":{"line":112,"column":45},"end":{"line":112,"column":79},"skip":true},{"start":{"line":112,"column":83},"end":{"line":121,"column":9},"skip":true}]},"12":{"line":123,"type":"binary-expr","locations":[{"start":{"line":123,"column":42},"end":{"line":123,"column":73},"skip":true},{"start":{"line":123,"column":77},"end":{"line":136,"column":9},"skip":true}]},"13":{"line":138,"type":"binary-expr","locations":[{"start":{"line":138,"column":48},"end":{"line":138,"column":85},"skip":true},{"start":{"line":139,"column":12},"end":{"line":145,"column":13},"skip":true}]},"14":{"line":147,"type":"binary-expr","locations":[{"start":{"line":147,"column":42},"end":{"line":147,"column":73},"skip":true},{"start":{"line":147,"column":77},"end":{"line":156,"column":9},"skip":true}]},"15":{"line":158,"type":"binary-expr","locations":[{"start":{"line":158,"column":45},"end":{"line":158,"column":79},"skip":true},{"start":{"line":158,"column":83},"end":{"line":167,"column":9},"skip":true}]},"16":{"line":169,"type":"binary-expr","locations":[{"start":{"line":169,"column":43},"end":{"line":169,"column":75},"skip":true},{"start":{"line":169,"column":79},"end":{"line":178,"column":9},"skip":true}]},"17":{"line":180,"type":"binary-expr","locations":[{"start":{"line":180,"column":41},"end":{"line":180,"column":71},"skip":true},{"start":{"line":180,"column":75},"end":{"line":189,"column":9},"skip":true}]}},"code":["/* istanbul instrument in package npmtest_html5_to_pdf */","/*jslint","    bitwise: true,","    browser: true,","    maxerr: 8,","    maxlen: 96,","    node: true,","    nomen: true,","    regexp: true,","    stupid: true","*/","(function () {","    'use strict';","    var local;","","","","    // run shared js-env code - init-before","    (function () {","        // init local","        local = {};","        // init modeJs","        local.modeJs = (function () {","            try {","                return typeof navigator.userAgent === 'string' &&","                    typeof document.querySelector('body') === 'object' &&","                    typeof XMLHttpRequest.prototype.open === 'function' &&","                    'browser';","            } catch (errorCaughtBrowser) {","                return module.exports &&","                    typeof process.versions.node === 'string' &&","                    typeof require('http').createServer === 'function' &&","                    'node';","            }","        }());","        // init global","        local.global = local.modeJs === 'browser'","            ? window","            : global;","        switch (local.modeJs) {","        // re-init local from window.local","        case 'browser':","            local = local.global.utility2.objectSetDefault(","                local.global.utility2_rollup || local.global.local,","                local.global.utility2","            );","            break;","        // re-init local from example.js","        case 'node':","            local = (local.global.utility2_rollup || require('utility2'))","                .requireReadme();","            break;","        }","        // export local","        local.global.local = local;","    }());","","","","    // run shared js-env code - function","    (function () {","        return;","    }());","    switch (local.modeJs) {","","","","    // run browser js-env code - function","    case 'browser':","        break;","","","","    // run node js-env code - function","    case 'node':","        break;","    }","","","","    // run shared js-env code - init-after","    (function () {","        return;","    }());","    switch (local.modeJs) {","","","","    // run browser js-env code - init-after","    case 'browser':","        local.testCase_browser_nullCase = local.testCase_browser_nullCase || function (","            options,","            onError","        ) {","        /*","         * this function will test browsers's null-case handling-behavior-behavior","         */","            onError(null, options);","        };","","        // run tests","        local.nop(local.modeTest &&","            document.querySelector('#testRunButton1') &&","            document.querySelector('#testRunButton1').click());","        break;","","","","    // run node js-env code - init-after","    /* istanbul ignore next */","    case 'node':","        local.testCase_buildApidoc_default = local.testCase_buildApidoc_default || function (","            options,","            onError","        ) {","        /*","         * this function will test buildApidoc's default handling-behavior-behavior","         */","            options = { modulePathList: module.paths };","            local.buildApidoc(options, onError);","        };","","        local.testCase_buildApp_default = local.testCase_buildApp_default || function (","            options,","            onError","        ) {","        /*","         * this function will test buildApp's default handling-behavior-behavior","         */","            local.testCase_buildReadme_default(options, local.onErrorThrow);","            local.testCase_buildLib_default(options, local.onErrorThrow);","            local.testCase_buildTest_default(options, local.onErrorThrow);","            local.testCase_buildCustomOrg_default(options, local.onErrorThrow);","            options = [];","            local.buildApp(options, onError);","        };","","        local.testCase_buildCustomOrg_default = local.testCase_buildCustomOrg_default ||","            function (options, onError) {","            /*","             * this function will test buildCustomOrg's default handling-behavior","             */","                options = {};","                local.buildCustomOrg(options, onError);","            };","","        local.testCase_buildLib_default = local.testCase_buildLib_default || function (","            options,","            onError","        ) {","        /*","         * this function will test buildLib's default handling-behavior","         */","            options = {};","            local.buildLib(options, onError);","        };","","        local.testCase_buildReadme_default = local.testCase_buildReadme_default || function (","            options,","            onError","        ) {","        /*","         * this function will test buildReadme's default handling-behavior-behavior","         */","            options = {};","            local.buildReadme(options, onError);","        };","","        local.testCase_buildTest_default = local.testCase_buildTest_default || function (","            options,","            onError","        ) {","        /*","         * this function will test buildTest's default handling-behavior","         */","            options = {};","            local.buildTest(options, onError);","        };","","        local.testCase_webpage_default = local.testCase_webpage_default || function (","            options,","            onError","        ) {","        /*","         * this function will test webpage's default handling-behavior","         */","            options = { modeCoverageMerge: true, url: local.serverLocalHost + '?modeTest=1' };","            local.browserTest(options, onError);","        };","","        // run test-server","        local.testRunServer(local);","        break;","    }","}());",""],"l":{"12":2,"14":2,"19":2,"21":2,"23":2,"24":2,"25":2,"30":1,"37":2,"40":2,"43":1,"47":1,"50":1,"52":1,"55":2,"61":2,"62":2,"64":2,"70":1,"76":1,"82":2,"83":2,"85":2,"91":1,"98":1,"102":1,"105":1,"112":1,"119":1,"120":1,"123":1,"130":1,"131":1,"132":1,"133":1,"134":1,"135":1,"138":1,"143":2,"144":2,"147":1,"154":2,"155":2,"158":1,"165":2,"166":2,"169":1,"176":2,"177":2,"180":1,"187":1,"188":1,"192":1,"193":1}},"/home/travis/build/npmtest/node-npmtest-html5-to-pdf/lib.npmtest_html5_to_pdf.js":{"path":"/home/travis/build/npmtest/node-npmtest-html5-to-pdf/lib.npmtest_html5_to_pdf.js","s":{"1":2,"2":2,"3":2,"4":2,"5":2,"6":2,"7":2,"8":1,"9":2,"10":2,"11":2,"12":2,"13":1,"14":1,"15":1,"16":1},"b":{"1":[2,1,1,1],"2":[1,1,1,1],"3":[1,1],"4":[2,2],"5":[1,1]},"f":{"1":2,"2":2,"3":2},"fnMap":{"1":{"name":"(anonymous_1)","line":12,"loc":{"start":{"line":12,"column":1},"end":{"line":12,"column":13}}},"2":{"name":"(anonymous_2)","line":19,"loc":{"start":{"line":19,"column":5},"end":{"line":19,"column":17}}},"3":{"name":"(anonymous_3)","line":23,"loc":{"start":{"line":23,"column":24},"end":{"line":23,"column":36}}}},"statementMap":{"1":{"start":{"line":12,"column":0},"end":{"line":53,"column":5}},"2":{"start":{"line":14,"column":4},"end":{"line":14,"column":14}},"3":{"start":{"line":19,"column":4},"end":{"line":52,"column":9}},"4":{"start":{"line":21,"column":8},"end":{"line":21,"column":19}},"5":{"start":{"line":23,"column":8},"end":{"line":35,"column":13}},"6":{"start":{"line":24,"column":12},"end":{"line":34,"column":13}},"7":{"start":{"line":25,"column":16},"end":{"line":28,"column":30}},"8":{"start":{"line":30,"column":16},"end":{"line":33,"column":27}},"9":{"start":{"line":37,"column":8},"end":{"line":39,"column":21}},"10":{"start":{"line":41,"column":8},"end":{"line":41,"column":54}},"11":{"start":{"line":43,"column":8},"end":{"line":43,"column":57}},"12":{"start":{"line":45,"column":8},"end":{"line":51,"column":9}},"13":{"start":{"line":46,"column":12},"end":{"line":46,"column":63}},"14":{"start":{"line":48,"column":12},"end":{"line":48,"column":35}},"15":{"start":{"line":49,"column":12},"end":{"line":49,"column":49}},"16":{"start":{"line":50,"column":12},"end":{"line":50,"column":43}}},"branchMap":{"1":{"line":25,"type":"binary-expr","locations":[{"start":{"line":25,"column":23},"end":{"line":25,"column":62}},{"start":{"line":26,"column":20},"end":{"line":26,"column":70}},{"start":{"line":27,"column":20},"end":{"line":27,"column":71}},{"start":{"line":28,"column":20},"end":{"line":28,"column":29}}]},"2":{"line":30,"type":"binary-expr","locations":[{"start":{"line":30,"column":23},"end":{"line":30,"column":37}},{"start":{"line":31,"column":20},"end":{"line":31,"column":61}},{"start":{"line":32,"column":20},"end":{"line":32,"column":70}},{"start":{"line":33,"column":20},"end":{"line":33,"column":26}}]},"3":{"line":37,"type":"cond-expr","locations":[{"start":{"line":38,"column":14},"end":{"line":38,"column":20}},{"start":{"line":39,"column":14},"end":{"line":39,"column":20}}]},"4":{"line":41,"type":"binary-expr","locations":[{"start":{"line":41,"column":16},"end":{"line":41,"column":44}},{"start":{"line":41,"column":48},"end":{"line":41,"column":53}}]},"5":{"line":45,"type":"if","locations":[{"start":{"line":45,"column":8},"end":{"line":45,"column":8}},{"start":{"line":45,"column":8},"end":{"line":45,"column":8}}]}},"code":["/* istanbul instrument in package npmtest_html5_to_pdf */","/*jslint","    bitwise: true,","    browser: true,","    maxerr: 8,","    maxlen: 96,","    node: true,","    nomen: true,","    regexp: true,","    stupid: true","*/","(function () {","    'use strict';","    var local;","","","","    // run shared js-env code - init-before","    (function () {","        // init local","        local = {};","        // init modeJs","        local.modeJs = (function () {","            try {","                return typeof navigator.userAgent === 'string' &&","                    typeof document.querySelector('body') === 'object' &&","                    typeof XMLHttpRequest.prototype.open === 'function' &&","                    'browser';","            } catch (errorCaughtBrowser) {","                return module.exports &&","                    typeof process.versions.node === 'string' &&","                    typeof require('http').createServer === 'function' &&","                    'node';","            }","        }());","        // init global","        local.global = local.modeJs === 'browser'","            ? window","            : global;","        // init utility2_rollup","        local = local.global.utility2_rollup || local;","        // init lib","        local.local = local.npmtest_html5_to_pdf = local;","        // init exports","        if (local.modeJs === 'browser') {","            local.global.utility2_npmtest_html5_to_pdf = local;","        } else {","            module.exports = local;","            module.exports.__dirname = __dirname;","            module.exports.module = module;","        }","    }());","}());",""],"l":{"12":2,"14":2,"19":2,"21":2,"23":2,"24":2,"25":2,"30":1,"37":2,"41":2,"43":2,"45":2,"46":1,"48":1,"49":1,"50":1}},"/home/travis/build/npmtest/node-npmtest-html5-to-pdf/example.js":{"path":"/home/travis/build/npmtest/node-npmtest-html5-to-pdf/example.js","s":{"1":2,"2":2,"3":2,"4":2,"5":2,"6":2,"7":2,"8":1,"9":2,"10":2,"11":2,"12":2,"13":1,"14":2,"15":2,"16":2,"17":2,"18":2,"19":0,"20":2,"21":1,"22":1,"23":1,"24":1,"25":1,"26":0,"27":0,"28":1,"29":1,"30":2,"31":0,"32":0,"33":0,"34":1,"35":2,"36":2,"37":3,"38":3,"39":3,"40":3,"41":0,"42":3,"43":3,"44":3,"45":1,"46":3,"47":1,"48":1,"49":1,"50":1,"51":1,"52":1,"53":1,"54":1,"55":1,"56":1,"57":0,"58":1,"59":6,"60":6,"61":1,"62":2,"63":0,"64":2,"65":1,"66":1,"67":0,"68":0,"69":0,"70":0,"71":0,"72":0,"73":0,"74":0,"75":0,"76":0,"77":0,"78":0,"79":0,"80":0,"81":0,"82":0,"83":0},"b":{"1":[2,1,1,1],"2":[1,1,1,1],"3":[1,1],"4":[2,2],"5":[1,1],"6":[1,1],"7":[2,0],"8":[2,1,1,1,1,1],"9":[0,2,0],"10":[1,1],"11":[2,1,1],"12":[1,0],"13":[0,2],"14":[2,0,0,0,0,0,0],"15":[0,3],"16":[3,0],"17":[1,1],"18":[0,1],"19":[1,2,0,2],"20":[1,0],"21":[1,1],"22":[0,0],"23":[0,0],"24":[0,0],"25":[0,0],"26":[0,0],"27":[0,0],"28":[0,0]},"f":{"1":2,"2":2,"3":2,"4":2,"5":2,"6":2,"7":3,"8":3,"9":3,"10":1,"11":6,"12":0},"fnMap":{"1":{"name":"(anonymous_1)","line":26,"loc":{"start":{"line":26,"column":1},"end":{"line":26,"column":13}}},"2":{"name":"(anonymous_2)","line":33,"loc":{"start":{"line":33,"column":5},"end":{"line":33,"column":17}}},"3":{"name":"(anonymous_3)","line":37,"loc":{"start":{"line":37,"column":24},"end":{"line":37,"column":36}}},"4":{"name":"(anonymous_4)","line":69,"loc":{"start":{"line":69,"column":31},"end":{"line":69,"column":48}},"skip":true},"5":{"name":"(anonymous_5)","line":78,"loc":{"start":{"line":78,"column":26},"end":{"line":78,"column":45}},"skip":true},"6":{"name":"(anonymous_6)","line":123,"loc":{"start":{"line":123,"column":33},"end":{"line":123,"column":48}},"skip":true},"7":{"name":"(anonymous_7)","line":125,"loc":{"start":{"line":125,"column":27},"end":{"line":125,"column":39}},"skip":true},"8":{"name":"(anonymous_8)","line":133,"loc":{"start":{"line":133,"column":59},"end":{"line":133,"column":74}},"skip":true},"9":{"name":"(anonymous_9)","line":143,"loc":{"start":{"line":143,"column":45},"end":{"line":143,"column":62}},"skip":true},"10":{"name":"(anonymous_10)","line":144,"loc":{"start":{"line":144,"column":73},"end":{"line":144,"column":92}},"skip":true},"11":{"name":"(anonymous_11)","line":272,"loc":{"start":{"line":272,"column":51},"end":{"line":272,"column":77}},"skip":true},"12":{"name":"(anonymous_12)","line":315,"loc":{"start":{"line":315,"column":32},"end":{"line":315,"column":61}},"skip":true}},"statementMap":{"1":{"start":{"line":26,"column":0},"end":{"line":326,"column":5}},"2":{"start":{"line":28,"column":4},"end":{"line":28,"column":14}},"3":{"start":{"line":33,"column":4},"end":{"line":60,"column":9}},"4":{"start":{"line":35,"column":8},"end":{"line":35,"column":19}},"5":{"start":{"line":37,"column":8},"end":{"line":49,"column":13}},"6":{"start":{"line":38,"column":12},"end":{"line":48,"column":13}},"7":{"start":{"line":39,"column":16},"end":{"line":42,"column":30}},"8":{"start":{"line":44,"column":16},"end":{"line":47,"column":27}},"9":{"start":{"line":51,"column":8},"end":{"line":53,"column":21}},"10":{"start":{"line":55,"column":8},"end":{"line":57,"column":45}},"11":{"start":{"line":59,"column":8},"end":{"line":59,"column":35}},"12":{"start":{"line":61,"column":4},"end":{"line":325,"column":5}},"13":{"start":{"line":69,"column":8},"end":{"line":121,"column":10},"skip":true},"14":{"start":{"line":70,"column":12},"end":{"line":88,"column":13},"skip":true},"15":{"start":{"line":76,"column":16},"end":{"line":87,"column":19},"skip":true},"16":{"start":{"line":79,"column":20},"end":{"line":86,"column":21},"skip":true},"17":{"start":{"line":82,"column":24},"end":{"line":82,"column":43},"skip":true},"18":{"start":{"line":83,"column":24},"end":{"line":83,"column":30},"skip":true},"19":{"start":{"line":85,"column":24},"end":{"line":85,"column":49},"skip":true},"20":{"start":{"line":89,"column":12},"end":{"line":107,"column":13},"skip":true},"21":{"start":{"line":92,"column":16},"end":{"line":102,"column":17},"skip":true},"22":{"start":{"line":93,"column":20},"end":{"line":93,"column":86},"skip":true},"23":{"start":{"line":94,"column":20},"end":{"line":95,"column":45},"skip":true},"24":{"start":{"line":96,"column":20},"end":{"line":96,"column":42},"skip":true},"25":{"start":{"line":97,"column":20},"end":{"line":97,"column":48},"skip":true},"26":{"start":{"line":100,"column":20},"end":{"line":100,"column":85},"skip":true},"27":{"start":{"line":101,"column":20},"end":{"line":101,"column":96},"skip":true},"28":{"start":{"line":103,"column":16},"end":{"line":103,"column":22},"skip":true},"29":{"start":{"line":106,"column":16},"end":{"line":106,"column":22},"skip":true},"30":{"start":{"line":108,"column":12},"end":{"line":120,"column":13},"skip":true},"31":{"start":{"line":114,"column":16},"end":{"line":119,"column":17},"skip":true},"32":{"start":{"line":116,"column":20},"end":{"line":116,"column":78},"skip":true},"33":{"start":{"line":118,"column":20},"end":{"line":118,"column":47},"skip":true},"34":{"start":{"line":123,"column":8},"end":{"line":141,"column":11},"skip":true},"35":{"start":{"line":124,"column":12},"end":{"line":124,"column":54},"skip":true},"36":{"start":{"line":125,"column":12},"end":{"line":140,"column":14},"skip":true},"37":{"start":{"line":126,"column":16},"end":{"line":126,"column":28},"skip":true},"38":{"start":{"line":127,"column":16},"end":{"line":127,"column":69},"skip":true},"39":{"start":{"line":128,"column":16},"end":{"line":128,"column":75},"skip":true},"40":{"start":{"line":129,"column":16},"end":{"line":131,"column":17},"skip":true},"41":{"start":{"line":130,"column":20},"end":{"line":130,"column":27},"skip":true},"42":{"start":{"line":133,"column":16},"end":{"line":137,"column":36},"skip":true},"43":{"start":{"line":134,"column":20},"end":{"line":136,"column":55},"skip":true},"44":{"start":{"line":139,"column":16},"end":{"line":139,"column":57},"skip":true},"45":{"start":{"line":143,"column":8},"end":{"line":147,"column":11},"skip":true},"46":{"start":{"line":144,"column":12},"end":{"line":146,"column":15},"skip":true},"47":{"start":{"line":145,"column":16},"end":{"line":145,"column":70},"skip":true},"48":{"start":{"line":149,"column":8},"end":{"line":149,"column":31},"skip":true},"49":{"start":{"line":150,"column":8},"end":{"line":150,"column":14},"skip":true},"50":{"start":{"line":158,"column":8},"end":{"line":158,"column":31},"skip":true},"51":{"start":{"line":160,"column":8},"end":{"line":160,"column":33},"skip":true},"52":{"start":{"line":161,"column":8},"end":{"line":161,"column":37},"skip":true},"53":{"start":{"line":162,"column":8},"end":{"line":162,"column":35},"skip":true},"54":{"start":{"line":164,"column":8},"end":{"line":164,"column":50},"skip":true},"55":{"start":{"line":166,"column":8},"end":{"line":256,"column":2},"skip":true},"56":{"start":{"line":258,"column":8},"end":{"line":286,"column":9},"skip":true},"57":{"start":{"line":259,"column":12},"end":{"line":269,"column":14},"skip":true},"58":{"start":{"line":271,"column":12},"end":{"line":285,"column":19},"skip":true},"59":{"start":{"line":274,"column":20},"end":{"line":274,"column":35},"skip":true},"60":{"start":{"line":275,"column":20},"end":{"line":284,"column":21},"skip":true},"61":{"start":{"line":277,"column":24},"end":{"line":277,"column":64},"skip":true},"62":{"start":{"line":279,"column":24},"end":{"line":279,"column":40},"skip":true},"63":{"start":{"line":281,"column":24},"end":{"line":281,"column":40},"skip":true},"64":{"start":{"line":283,"column":24},"end":{"line":283,"column":39},"skip":true},"65":{"start":{"line":288,"column":8},"end":{"line":290,"column":9},"skip":true},"66":{"start":{"line":289,"column":12},"end":{"line":289,"column":18},"skip":true},"67":{"start":{"line":291,"column":8},"end":{"line":293,"column":54},"skip":true},"68":{"start":{"line":296,"column":8},"end":{"line":301,"column":37},"skip":true},"69":{"start":{"line":303,"column":8},"end":{"line":303,"column":82},"skip":true},"70":{"start":{"line":306,"column":8},"end":{"line":308,"column":9},"skip":true},"71":{"start":{"line":307,"column":12},"end":{"line":307,"column":82},"skip":true},"72":{"start":{"line":310,"column":8},"end":{"line":312,"column":9},"skip":true},"73":{"start":{"line":311,"column":12},"end":{"line":311,"column":18},"skip":true},"74":{"start":{"line":313,"column":8},"end":{"line":313,"column":54},"skip":true},"75":{"start":{"line":314,"column":8},"end":{"line":314,"column":69},"skip":true},"76":{"start":{"line":315,"column":8},"end":{"line":323,"column":36},"skip":true},"77":{"start":{"line":316,"column":12},"end":{"line":316,"column":61},"skip":true},"78":{"start":{"line":317,"column":12},"end":{"line":320,"column":13},"skip":true},"79":{"start":{"line":318,"column":16},"end":{"line":318,"column":75},"skip":true},"80":{"start":{"line":319,"column":16},"end":{"line":319,"column":23},"skip":true},"81":{"start":{"line":321,"column":12},"end":{"line":321,"column":38},"skip":true},"82":{"start":{"line":322,"column":12},"end":{"line":322,"column":27},"skip":true},"83":{"start":{"line":324,"column":8},"end":{"line":324,"column":14},"skip":true}},"branchMap":{"1":{"line":39,"type":"binary-expr","locations":[{"start":{"line":39,"column":23},"end":{"line":39,"column":62}},{"start":{"line":40,"column":20},"end":{"line":40,"column":70}},{"start":{"line":41,"column":20},"end":{"line":41,"column":71}},{"start":{"line":42,"column":20},"end":{"line":42,"column":29}}]},"2":{"line":44,"type":"binary-expr","locations":[{"start":{"line":44,"column":23},"end":{"line":44,"column":37}},{"start":{"line":45,"column":20},"end":{"line":45,"column":61}},{"start":{"line":46,"column":20},"end":{"line":46,"column":70}},{"start":{"line":47,"column":20},"end":{"line":47,"column":26}}]},"3":{"line":51,"type":"cond-expr","locations":[{"start":{"line":52,"column":14},"end":{"line":52,"column":20}},{"start":{"line":53,"column":14},"end":{"line":53,"column":20}}]},"4":{"line":55,"type":"binary-expr","locations":[{"start":{"line":55,"column":16},"end":{"line":55,"column":44}},{"start":{"line":55,"column":49},"end":{"line":57,"column":43}}]},"5":{"line":55,"type":"cond-expr","locations":[{"start":{"line":56,"column":14},"end":{"line":56,"column":56}},{"start":{"line":57,"column":14},"end":{"line":57,"column":43}}]},"6":{"line":61,"type":"switch","locations":[{"start":{"line":68,"column":4},"end":{"line":150,"column":14},"skip":true},{"start":{"line":156,"column":4},"end":{"line":324,"column":14},"skip":true}]},"7":{"line":70,"type":"if","locations":[{"start":{"line":70,"column":12},"end":{"line":70,"column":12},"skip":true},{"start":{"line":70,"column":12},"end":{"line":70,"column":12},"skip":true}]},"8":{"line":70,"type":"binary-expr","locations":[{"start":{"line":70,"column":16},"end":{"line":70,"column":22},"skip":true},{"start":{"line":70,"column":27},"end":{"line":70,"column":32},"skip":true},{"start":{"line":71,"column":20},"end":{"line":71,"column":39},"skip":true},{"start":{"line":72,"column":20},"end":{"line":72,"column":49},"skip":true},{"start":{"line":73,"column":20},"end":{"line":73,"column":58},"skip":true},{"start":{"line":74,"column":20},"end":{"line":74,"column":69},"skip":true}]},"9":{"line":79,"type":"switch","locations":[{"start":{"line":80,"column":20},"end":{"line":80,"column":33},"skip":true},{"start":{"line":81,"column":20},"end":{"line":83,"column":30},"skip":true},{"start":{"line":84,"column":20},"end":{"line":85,"column":49},"skip":true}]},"10":{"line":89,"type":"switch","locations":[{"start":{"line":90,"column":12},"end":{"line":103,"column":22},"skip":true},{"start":{"line":105,"column":12},"end":{"line":106,"column":22},"skip":true}]},"11":{"line":89,"type":"binary-expr","locations":[{"start":{"line":89,"column":20},"end":{"line":89,"column":25},"skip":true},{"start":{"line":89,"column":29},"end":{"line":89,"column":48},"skip":true},{"start":{"line":89,"column":52},"end":{"line":89,"column":74},"skip":true}]},"12":{"line":92,"type":"if","locations":[{"start":{"line":92,"column":16},"end":{"line":92,"column":16},"skip":true},{"start":{"line":92,"column":16},"end":{"line":92,"column":16},"skip":true}]},"13":{"line":108,"type":"if","locations":[{"start":{"line":108,"column":12},"end":{"line":108,"column":12},"skip":true},{"start":{"line":108,"column":12},"end":{"line":108,"column":12},"skip":true}]},"14":{"line":108,"type":"binary-expr","locations":[{"start":{"line":108,"column":16},"end":{"line":108,"column":61},"skip":true},{"start":{"line":108,"column":66},"end":{"line":108,"column":72},"skip":true},{"start":{"line":108,"column":77},"end":{"line":108,"column":82},"skip":true},{"start":{"line":109,"column":20},"end":{"line":109,"column":39},"skip":true},{"start":{"line":110,"column":20},"end":{"line":110,"column":49},"skip":true},{"start":{"line":111,"column":20},"end":{"line":111,"column":58},"skip":true},{"start":{"line":112,"column":20},"end":{"line":112,"column":68},"skip":true}]},"15":{"line":129,"type":"if","locations":[{"start":{"line":129,"column":16},"end":{"line":129,"column":16},"skip":true},{"start":{"line":129,"column":16},"end":{"line":129,"column":16},"skip":true}]},"16":{"line":134,"type":"cond-expr","locations":[{"start":{"line":135,"column":26},"end":{"line":135,"column":29},"skip":true},{"start":{"line":136,"column":26},"end":{"line":136,"column":54},"skip":true}]},"17":{"line":164,"type":"binary-expr","locations":[{"start":{"line":164,"column":27},"end":{"line":164,"column":43},"skip":true},{"start":{"line":164,"column":47},"end":{"line":164,"column":49},"skip":true}]},"18":{"line":258,"type":"if","locations":[{"start":{"line":258,"column":8},"end":{"line":258,"column":8},"skip":true},{"start":{"line":258,"column":8},"end":{"line":258,"column":8},"skip":true}]},"19":{"line":275,"type":"switch","locations":[{"start":{"line":276,"column":20},"end":{"line":277,"column":64},"skip":true},{"start":{"line":278,"column":20},"end":{"line":279,"column":40},"skip":true},{"start":{"line":280,"column":20},"end":{"line":281,"column":40},"skip":true},{"start":{"line":282,"column":20},"end":{"line":283,"column":39},"skip":true}]},"20":{"line":288,"type":"if","locations":[{"start":{"line":288,"column":8},"end":{"line":288,"column":8},"skip":true},{"start":{"line":288,"column":8},"end":{"line":288,"column":8},"skip":true}]},"21":{"line":288,"type":"binary-expr","locations":[{"start":{"line":288,"column":12},"end":{"line":288,"column":40},"skip":true},{"start":{"line":288,"column":44},"end":{"line":288,"column":67},"skip":true}]},"22":{"line":292,"type":"binary-expr","locations":[{"start":{"line":292,"column":12},"end":{"line":292,"column":50},"skip":true},{"start":{"line":293,"column":12},"end":{"line":293,"column":53},"skip":true}]},"23":{"line":297,"type":"binary-expr","locations":[{"start":{"line":297,"column":12},"end":{"line":297,"column":70},"skip":true},{"start":{"line":298,"column":12},"end":{"line":301,"column":36},"skip":true}]},"24":{"line":303,"type":"binary-expr","locations":[{"start":{"line":303,"column":43},"end":{"line":303,"column":75},"skip":true},{"start":{"line":303,"column":79},"end":{"line":303,"column":81},"skip":true}]},"25":{"line":306,"type":"if","locations":[{"start":{"line":306,"column":8},"end":{"line":306,"column":8},"skip":true},{"start":{"line":306,"column":8},"end":{"line":306,"column":8},"skip":true}]},"26":{"line":310,"type":"if","locations":[{"start":{"line":310,"column":8},"end":{"line":310,"column":8},"skip":true},{"start":{"line":310,"column":8},"end":{"line":310,"column":8},"skip":true}]},"27":{"line":313,"type":"binary-expr","locations":[{"start":{"line":313,"column":27},"end":{"line":313,"column":43},"skip":true},{"start":{"line":313,"column":47},"end":{"line":313,"column":53},"skip":true}]},"28":{"line":317,"type":"if","locations":[{"start":{"line":317,"column":12},"end":{"line":317,"column":12},"skip":true},{"start":{"line":317,"column":12},"end":{"line":317,"column":12},"skip":true}]}},"code":["/*","example.js","","quickstart example","","instruction","    1. save this script as example.js","    2. run the shell command:","        $ npm install npmtest-html5-to-pdf && PORT=8081 node example.js","    3. play with the browser-demo on http://127.0.0.1:8081","*/","","","","/* istanbul instrument in package npmtest_html5_to_pdf */","/*jslint","    bitwise: true,","    browser: true,","    maxerr: 8,","    maxlen: 96,","    node: true,","    nomen: true,","    regexp: true,","    stupid: true","*/","(function () {","    'use strict';","    var local;","","","","    // run shared js-env code - init-before","    (function () {","        // init local","        local = {};","        // init modeJs","        local.modeJs = (function () {","            try {","                return typeof navigator.userAgent === 'string' &&","                    typeof document.querySelector('body') === 'object' &&","                    typeof XMLHttpRequest.prototype.open === 'function' &&","                    'browser';","            } catch (errorCaughtBrowser) {","                return module.exports &&","                    typeof process.versions.node === 'string' &&","                    typeof require('http').createServer === 'function' &&","                    'node';","            }","        }());","        // init global","        local.global = local.modeJs === 'browser'","            ? window","            : global;","        // init utility2_rollup","        local = local.global.utility2_rollup || (local.modeJs === 'browser'","            ? local.global.utility2_npmtest_html5_to_pdf","            : global.utility2_moduleExports);","        // export local","        local.global.local = local;","    }());","    switch (local.modeJs) {","","","","    // init-after","    // run browser js-env code - init-after","    /* istanbul ignore next */","    case 'browser':","        local.testRunBrowser = function (event) {","            if (!event || (event &&","                    event.currentTarget &&","                    event.currentTarget.className &&","                    event.currentTarget.className.includes &&","                    event.currentTarget.className.includes('onreset'))) {","                // reset output","                Array.from(","                    document.querySelectorAll('body > .resettable')","                ).forEach(function (element) {","                    switch (element.tagName) {","                    case 'INPUT':","                    case 'TEXTAREA':","                        element.value = '';","                        break;","                    default:","                        element.textContent = '';","                    }","                });","            }","            switch (event && event.currentTarget && event.currentTarget.id) {","            case 'testRunButton1':","                // show tests","                if (document.querySelector('#testReportDiv1').style.display === 'none') {","                    document.querySelector('#testReportDiv1').style.display = 'block';","                    document.querySelector('#testRunButton1').textContent =","                        'hide internal test';","                    local.modeTest = true;","                    local.testRunDefault(local);","                // hide tests","                } else {","                    document.querySelector('#testReportDiv1').style.display = 'none';","                    document.querySelector('#testRunButton1').textContent = 'run internal test';","                }","                break;","            // custom-case","            default:","                break;","            }","            if (document.querySelector('#inputTextareaEval1') && (!event || (event &&","                    event.currentTarget &&","                    event.currentTarget.className &&","                    event.currentTarget.className.includes &&","                    event.currentTarget.className.includes('oneval')))) {","                // try to eval input-code","                try {","                    /*jslint evil: true*/","                    eval(document.querySelector('#inputTextareaEval1').value);","                } catch (errorCaught) {","                    console.error(errorCaught);","                }","            }","        };","        // log stderr and stdout to #outputTextareaStdout1","        ['error', 'log'].forEach(function (key) {","            console[key + '_original'] = console[key];","            console[key] = function () {","                var element;","                console[key + '_original'].apply(console, arguments);","                element = document.querySelector('#outputTextareaStdout1');","                if (!element) {","                    return;","                }","                // append text to #outputTextareaStdout1","                element.value += Array.from(arguments).map(function (arg) {","                    return typeof arg === 'string'","                        ? arg","                        : JSON.stringify(arg, null, 4);","                }).join(' ') + '\\n';","                // scroll textarea to bottom","                element.scrollTop = element.scrollHeight;","            };","        });","        // init event-handling","        ['change', 'click', 'keyup'].forEach(function (event) {","            Array.from(document.querySelectorAll('.on' + event)).forEach(function (element) {","                element.addEventListener(event, local.testRunBrowser);","            });","        });","        // run tests","        local.testRunBrowser();","        break;","","","","    // run node js-env code - init-after","    /* istanbul ignore next */","    case 'node':","        // export local","        module.exports = local;","        // require modules","        local.fs = require('fs');","        local.http = require('http');","        local.url = require('url');","        // init assets","        local.assetsDict = local.assetsDict || {};","        /* jslint-ignore-begin */","        local.assetsDict['/assets.index.template.html'] = '\\","<!doctype html>\\n\\","<html lang=\"en\">\\n\\","<head>\\n\\","<meta charset=\"UTF-8\">\\n\\","<meta name=\"viewport\" content=\"width=device-width, initial-scale=1\">\\n\\","<title>{{env.npm_package_name}} (v{{env.npm_package_version}})</title>\\n\\","<style>\\n\\","/*csslint\\n\\","    box-sizing: false,\\n\\","    universal-selector: false\\n\\","*/\\n\\","* {\\n\\","    box-sizing: border-box;\\n\\","}\\n\\","body {\\n\\","    background: #dde;\\n\\","    font-family: Arial, Helvetica, sans-serif;\\n\\","    margin: 2rem;\\n\\","}\\n\\","body > * {\\n\\","    margin-bottom: 1rem;\\n\\","}\\n\\",".utility2FooterDiv {\\n\\","    margin-top: 20px;\\n\\","    text-align: center;\\n\\","}\\n\\","</style>\\n\\","<style>\\n\\","/*csslint\\n\\","*/\\n\\","textarea {\\n\\","    font-family: monospace;\\n\\","    height: 10rem;\\n\\","    width: 100%;\\n\\","}\\n\\","textarea[readonly] {\\n\\","    background: #ddd;\\n\\","}\\n\\","</style>\\n\\","</head>\\n\\","<body>\\n\\","<!-- utility2-comment\\n\\","<div id=\"ajaxProgressDiv1\" style=\"background: #d00; height: 2px; left: 0; margin: 0; padding: 0; position: fixed; top: 0; transition: background 0.5s, width 1.5s; width: 25%;\"></div>\\n\\","utility2-comment -->\\n\\","<h1>\\n\\","<!-- utility2-comment\\n\\","    <a\\n\\","        {{#if env.npm_package_homepage}}\\n\\","        href=\"{{env.npm_package_homepage}}\"\\n\\","        {{/if env.npm_package_homepage}}\\n\\","        target=\"_blank\"\\n\\","    >\\n\\","utility2-comment -->\\n\\","        {{env.npm_package_name}} (v{{env.npm_package_version}})\\n\\","<!-- utility2-comment\\n\\","    </a>\\n\\","utility2-comment -->\\n\\","</h1>\\n\\","<h3>{{env.npm_package_description}}</h3>\\n\\","<!-- utility2-comment\\n\\","<h4><a download href=\"assets.app.js\">download standalone app</a></h4>\\n\\","<button class=\"onclick onreset\" id=\"testRunButton1\">run internal test</button><br>\\n\\","<div id=\"testReportDiv1\" style=\"display: none;\"></div>\\n\\","utility2-comment -->\\n\\","\\n\\","\\n\\","\\n\\","<label>stderr and stdout</label>\\n\\","<textarea class=\"resettable\" id=\"outputTextareaStdout1\" readonly></textarea>\\n\\","<!-- utility2-comment\\n\\","{{#if isRollup}}\\n\\","<script src=\"assets.app.js\"></script>\\n\\","{{#unless isRollup}}\\n\\","utility2-comment -->\\n\\","<script src=\"assets.utility2.rollup.js\"></script>\\n\\","<script src=\"jsonp.utility2._stateInit?callback=window.utility2._stateInit\"></script>\\n\\","<script src=\"assets.npmtest_html5_to_pdf.rollup.js\"></script>\\n\\","<script src=\"assets.example.js\"></script>\\n\\","<script src=\"assets.test.js\"></script>\\n\\","<!-- utility2-comment\\n\\","{{/if isRollup}}\\n\\","utility2-comment -->\\n\\","<div class=\"utility2FooterDiv\">\\n\\","    [ this app was created with\\n\\","    <a href=\"https://github.com/kaizhu256/node-utility2\" target=\"_blank\">utility2</a>\\n\\","    ]\\n\\","</div>\\n\\","</body>\\n\\","</html>\\n\\","';","        /* jslint-ignore-end */","        if (local.templateRender) {","            local.assetsDict['/'] = local.templateRender(","                local.assetsDict['/assets.index.template.html'],","                {","                    env: local.objectSetDefault(local.env, {","                        npm_package_description: 'the greatest app in the world!',","                        npm_package_name: 'my-app',","                        npm_package_nameAlias: 'my_app',","                        npm_package_version: '0.0.1'","                    })","                }","            );","        } else {","            local.assetsDict['/'] = local.assetsDict['/assets.index.template.html']","                .replace((/\\{\\{env\\.(\\w+?)\\}\\}/g), function (match0, match1) {","                    // jslint-hack","                    String(match0);","                    switch (match1) {","                    case 'npm_package_description':","                        return 'the greatest app in the world!';","                    case 'npm_package_name':","                        return 'my-app';","                    case 'npm_package_nameAlias':","                        return 'my_app';","                    case 'npm_package_version':","                        return '0.0.1';","                    }","                });","        }","        // run the cli","        if (local.global.utility2_rollup || module !== require.main) {","            break;","        }","        local.assetsDict['/assets.example.js'] =","            local.assetsDict['/assets.example.js'] ||","            local.fs.readFileSync(__filename, 'utf8');","        // bug-workaround - long $npm_package_buildCustomOrg","        /* jslint-ignore-begin */","        local.assetsDict['/assets.npmtest_html5_to_pdf.rollup.js'] =","            local.assetsDict['/assets.npmtest_html5_to_pdf.rollup.js'] ||","            local.fs.readFileSync(","                local.npmtest_html5_to_pdf.__dirname + '/lib.npmtest_html5_to_pdf.js',","                'utf8'","            ).replace((/^#!/), '//');","        /* jslint-ignore-end */","        local.assetsDict['/favicon.ico'] = local.assetsDict['/favicon.ico'] || '';","        // if $npm_config_timeout_exit exists,","        // then exit this process after $npm_config_timeout_exit ms","        if (Number(process.env.npm_config_timeout_exit)) {","            setTimeout(process.exit, Number(process.env.npm_config_timeout_exit));","        }","        // start server","        if (local.global.utility2_serverHttp1) {","            break;","        }","        process.env.PORT = process.env.PORT || '8081';","        console.error('server starting on port ' + process.env.PORT);","        local.http.createServer(function (request, response) {","            request.urlParsed = local.url.parse(request.url);","            if (local.assetsDict[request.urlParsed.pathname] !== undefined) {","                response.end(local.assetsDict[request.urlParsed.pathname]);","                return;","            }","            response.statusCode = 404;","            response.end();","        }).listen(process.env.PORT);","        break;","    }","}());",""],"l":{"26":2,"28":2,"33":2,"35":2,"37":2,"38":2,"39":2,"44":1,"51":2,"55":2,"59":2,"61":2,"69":1,"70":2,"76":2,"79":2,"82":2,"83":2,"85":1,"89":2,"92":1,"93":1,"94":1,"96":1,"97":1,"100":1,"101":1,"103":1,"106":1,"108":2,"114":1,"116":1,"118":1,"123":1,"124":2,"125":2,"126":3,"127":3,"128":3,"129":3,"130":1,"133":3,"134":3,"139":3,"143":1,"144":3,"145":1,"149":1,"150":1,"158":1,"160":1,"161":1,"162":1,"164":1,"166":1,"258":1,"259":1,"271":1,"274":6,"275":6,"277":1,"279":2,"281":1,"283":2,"288":1,"289":1,"291":1,"296":1,"303":1,"306":1,"307":1,"310":1,"311":1,"313":1,"314":1,"315":1,"316":1,"317":1,"318":1,"319":1,"321":1,"322":1,"324":1}},"/home/travis/build/npmtest/node-npmtest-html5-to-pdf/node_modules/html5-to-pdf/index.js":{"path":"/home/travis/build/npmtest/node-npmtest-html5-to-pdf/node_modules/html5-to-pdf/index.js","s":{"1":1,"2":1},"b":{},"f":{},"fnMap":{},"statementMap":{"1":{"start":{"line":1,"column":0},"end":{"line":1,"column":34}},"2":{"start":{"line":2,"column":0},"end":{"line":2,"column":47}}},"branchMap":{},"code":["require('coffee-script/register');","module.exports = require('./src/index.coffee');",""],"l":{"1":1,"2":1}},"/home/travis/build/npmtest/node-npmtest-html5-to-pdf/node_modules/html5-to-pdf/command.js":{"path":"/home/travis/build/npmtest/node-npmtest-html5-to-pdf/node_modules/html5-to-pdf/command.js","s":{"1":2,"2":2,"3":2},"b":{},"f":{},"fnMap":{},"statementMap":{"1":{"start":{"line":3,"column":0},"end":{"line":3,"column":33}},"2":{"start":{"line":4,"column":0},"end":{"line":4,"column":37}},"3":{"start":{"line":5,"column":0},"end":{"line":5,"column":19}}},"branchMap":{},"code":["//#!/usr/bin/env node","","require('coffee-script/register')","Command = require('./command.coffee')","new Command().run()",""],"l":{"3":2,"4":2,"5":2}},"/home/travis/build/npmtest/node-npmtest-html5-to-pdf/node_modules/html5-to-pdf/templates/html5bp/js/main.js":{"path":"/home/travis/build/npmtest/node-npmtest-html5-to-pdf/node_modules/html5-to-pdf/templates/html5bp/js/main.js","s":{},"b":{},"f":{},"fnMap":{},"statementMap":{},"branchMap":{},"code":["",""],"l":{}},"/home/travis/build/npmtest/node-npmtest-html5-to-pdf/node_modules/html5-to-pdf/templates/html5bp/js/plugins.js":{"path":"/home/travis/build/npmtest/node-npmtest-html5-to-pdf/node_modules/html5-to-pdf/templates/html5bp/js/plugins.js","s":{"1":2,"2":2,"3":2,"4":2,"5":2,"6":2,"7":0,"8":0,"9":0,"10":0},"b":{"1":[0,0],"2":[0,0]},"f":{"1":2,"2":0},"fnMap":{"1":{"name":"(anonymous_1)","line":2,"loc":{"start":{"line":2,"column":1},"end":{"line":2,"column":12}}},"2":{"name":"(anonymous_2)","line":4,"loc":{"start":{"line":4,"column":15},"end":{"line":4,"column":27}}}},"statementMap":{"1":{"start":{"line":2,"column":0},"end":{"line":22,"column":5}},"2":{"start":{"line":3,"column":4},"end":{"line":3,"column":15}},"3":{"start":{"line":4,"column":4},"end":{"line":4,"column":30}},"4":{"start":{"line":5,"column":4},"end":{"line":10,"column":6}},"5":{"start":{"line":11,"column":4},"end":{"line":11,"column":32}},"6":{"start":{"line":12,"column":4},"end":{"line":12,"column":58}},"7":{"start":{"line":14,"column":4},"end":{"line":21,"column":5}},"8":{"start":{"line":15,"column":8},"end":{"line":15,"column":33}},"9":{"start":{"line":18,"column":8},"end":{"line":20,"column":9}},"10":{"start":{"line":19,"column":12},"end":{"line":19,"column":35}}},"branchMap":{"1":{"line":12,"type":"binary-expr","locations":[{"start":{"line":12,"column":36},"end":{"line":12,"column":50}},{"start":{"line":12,"column":54},"end":{"line":12,"column":56}}]},"2":{"line":18,"type":"if","locations":[{"start":{"line":18,"column":8},"end":{"line":18,"column":8}},{"start":{"line":18,"column":8},"end":{"line":18,"column":8}}]}},"code":["// Avoid `console` errors in browsers that lack a console.","(function() {","    var method;","    var noop = function () {};","    var methods = [","        'assert', 'clear', 'count', 'debug', 'dir', 'dirxml', 'error',","        'exception', 'group', 'groupCollapsed', 'groupEnd', 'info', 'log',","        'markTimeline', 'profile', 'profileEnd', 'table', 'time', 'timeEnd',","        'timeStamp', 'trace', 'warn'","    ];","    var length = methods.length;","    var console = (window.console = window.console || {});","","    while (length--) {","        method = methods[length];","","        // Only stub undefined methods.","        if (!console[method]) {","            console[method] = noop;","        }","    }","}());","","// Place any jQuery/helper plugins in here.",""],"l":{"2":2,"3":2,"4":2,"5":2,"11":2,"12":2,"14":0,"15":0,"18":0,"19":0}},"/home/travis/build/npmtest/node-npmtest-html5-to-pdf/node_modules/html5-to-pdf/templates/htmlbootstrap/js/bootstrap.js":{"path":"/home/travis/build/npmtest/node-npmtest-html5-to-pdf/node_modules/html5-to-pdf/templates/htmlbootstrap/js/bootstrap.js","s":{"1":2,"2":2,"3":0,"4":1,"5":0,"6":0,"7":0,"8":0,"9":0,"10":0,"11":0,"12":0,"13":0,"14":0,"15":0,"16":0,"17":0,"18":0,"19":0,"20":0,"21":0,"22":0,"23":0,"24":0,"25":0,"26":0,"27":0,"28":0,"29":0,"30":0,"31":0,"32":0,"33":0,"34":0,"35":0,"36":0,"37":0,"38":0,"39":0,"40":0,"41":1,"42":0,"43":0,"44":0,"45":0,"46":0,"47":0,"48":0,"49":0,"50":0,"51":0,"52":0,"53":0,"54":0,"55":0,"56":0,"57":0,"58":0,"59":0,"60":0,"61":0,"62":0,"63":0,"64":0,"65":0,"66":0,"67":0,"68":0,"69":0,"70":0,"71":0,"72":0,"73":0,"74":0,"75":0,"76":0,"77":0,"78":0,"79":0,"80":0,"81":0,"82":0,"83":0,"84":0,"85":0,"86":0,"87":0,"88":0,"89":0,"90":0,"91":0,"92":0,"93":0,"94":0,"95":0,"96":0,"97":0,"98":0,"99":0,"100":0,"101":0,"102":0,"103":0,"104":0,"105":0,"106":0,"107":0,"108":0,"109":0,"110":0,"111":0,"112":0,"113":0,"114":0,"115":0,"116":0,"117":0,"118":0,"119":0,"120":0,"121":0,"122":0,"123":0,"124":0,"125":0,"126":0,"127":0,"128":0,"129":0,"130":0,"131":0,"132":0,"133":0,"134":0,"135":0,"136":0,"137":0,"138":0,"139":0,"140":0,"141":0,"142":0,"143":0,"144":0,"145":0,"146":0,"147":0,"148":0,"149":0,"150":0,"151":0,"152":0,"153":0,"154":0,"155":0,"156":0,"157":0,"158":0,"159":0,"160":0,"161":0,"162":0,"163":0,"164":0,"165":0,"166":0,"167":0,"168":0,"169":0,"170":0,"171":0,"172":0,"173":0,"174":0,"175":0,"176":0,"177":0,"178":0,"179":0,"180":0,"181":0,"182":0,"183":0,"184":0,"185":0,"186":0,"187":0,"188":0,"189":0,"190":0,"191":0,"192":0,"193":0,"194":0,"195":0,"196":0,"197":0,"198":0,"199":0,"200":0,"201":0,"202":0,"203":0,"204":0,"205":0,"206":0,"207":0,"208":0,"209":0,"210":0,"211":0,"212":0,"213":0,"214":0,"215":0,"216":0,"217":0,"218":0,"219":0,"220":0,"221":0,"222":0,"223":0,"224":0,"225":0,"226":0,"227":0,"228":0,"229":0,"230":0,"231":0,"232":0,"233":0,"234":0,"235":0,"236":0,"237":0,"238":0,"239":0,"240":0,"241":0,"242":0,"243":0,"244":0,"245":0,"246":0,"247":0,"248":0,"249":0,"250":0,"251":0,"252":0,"253":0,"254":0,"255":0,"256":0,"257":0,"258":0,"259":0,"260":0,"261":0,"262":0,"263":0,"264":0,"265":0,"266":0,"267":0,"268":0,"269":0,"270":0,"271":0,"272":0,"273":0,"274":0,"275":0,"276":0,"277":0,"278":0,"279":0,"280":0,"281":0,"282":0,"283":0,"284":0,"285":0,"286":0,"287":0,"288":0,"289":0,"290":0,"291":0,"292":0,"293":0,"294":0,"295":0,"296":0,"297":0,"298":0,"299":0,"300":0,"301":0,"302":0,"303":0,"304":0,"305":0,"306":0,"307":0,"308":0,"309":0,"310":0,"311":0,"312":0,"313":0,"314":0,"315":0,"316":0,"317":0,"318":0,"319":0,"320":0,"321":0,"322":0,"323":0,"324":0,"325":0,"326":0,"327":0,"328":0,"329":0,"330":0,"331":0,"332":0,"333":0,"334":0,"335":0,"336":0,"337":0,"338":0,"339":0,"340":0,"341":0,"342":0,"343":0,"344":0,"345":0,"346":0,"347":0,"348":0,"349":0,"350":0,"351":0,"352":0,"353":0,"354":0,"355":0,"356":0,"357":0,"358":0,"359":0,"360":0,"361":0,"362":0,"363":0,"364":0,"365":0,"366":0,"367":1,"368":0,"369":0,"370":0,"371":0,"372":0,"373":0,"374":0,"375":0,"376":0,"377":0,"378":1,"379":0,"380":0,"381":0,"382":0,"383":0,"384":0,"385":0,"386":0,"387":0,"388":0,"389":0,"390":0,"391":0,"392":0,"393":0,"394":0,"395":0,"396":0,"397":0,"398":0,"399":0,"400":0,"401":0,"402":0,"403":0,"404":0,"405":0,"406":0,"407":0,"408":0,"409":0,"410":0,"411":0,"412":0,"413":0,"414":0,"415":0,"416":0,"417":0,"418":0,"419":0,"420":0,"421":0,"422":0,"423":0,"424":0,"425":0,"426":0,"427":0,"428":0,"429":0,"430":0,"431":0,"432":0,"433":0,"434":0,"435":0,"436":0,"437":0,"438":0,"439":0,"440":0,"441":0,"442":0,"443":0,"444":0,"445":0,"446":0,"447":0,"448":0,"449":0,"450":0,"451":0,"452":0,"453":0,"454":0,"455":0,"456":0,"457":0,"458":0,"459":0,"460":0,"461":0,"462":0,"463":0,"464":0,"465":0,"466":0,"467":0,"468":0,"469":0,"470":0,"471":0,"472":0,"473":0,"474":0,"475":0,"476":0,"477":0,"478":0,"479":0,"480":0,"481":0,"482":0,"483":0,"484":0,"485":0,"486":0,"487":0,"488":0,"489":0,"490":0,"491":0,"492":0,"493":0,"494":0,"495":0,"496":0,"497":0,"498":0,"499":0,"500":0,"501":0,"502":0,"503":0,"504":0,"505":0,"506":0,"507":0,"508":0,"509":0,"510":0,"511":0,"512":0,"513":0,"514":0,"515":0,"516":0,"517":0,"518":0,"519":0,"520":0,"521":0,"522":0,"523":0,"524":0,"525":0,"526":0,"527":0,"528":0,"529":0,"530":0,"531":0,"532":0,"533":0,"534":0,"535":0,"536":0,"537":0,"538":0,"539":0,"540":0,"541":0,"542":0,"543":0,"544":0,"545":0,"546":0,"547":0,"548":0,"549":0,"550":0,"551":0,"552":0,"553":0,"554":0,"555":0,"556":0,"557":0,"558":0,"559":0,"560":0,"561":0,"562":0,"563":0,"564":0,"565":0,"566":0,"567":0,"568":0,"569":0,"570":0,"571":0,"572":0,"573":0,"574":0,"575":0,"576":0,"577":0,"578":0,"579":0,"580":0,"581":0,"582":0,"583":0,"584":0,"585":0,"586":0,"587":0,"588":0,"589":0,"590":0,"591":0,"592":0,"593":0,"594":0,"595":0,"596":0,"597":0,"598":0,"599":0,"600":0,"601":0,"602":0,"603":0,"604":0,"605":0,"606":0,"607":0,"608":0,"609":0,"610":0,"611":0,"612":0,"613":0,"614":0,"615":0,"616":0,"617":0,"618":0,"619":0,"620":0,"621":0,"622":0,"623":0,"624":0,"625":0,"626":0,"627":0,"628":0,"629":0,"630":0,"631":0,"632":0,"633":0,"634":0,"635":0,"636":0,"637":0,"638":0,"639":0,"640":0,"641":0,"642":0,"643":0,"644":1,"645":0,"646":0,"647":0,"648":0,"649":0,"650":0,"651":0,"652":0,"653":0,"654":0,"655":0,"656":0,"657":0,"658":0,"659":0,"660":0,"661":0,"662":0,"663":0,"664":0,"665":0,"666":0,"667":0,"668":0,"669":0,"670":0,"671":0,"672":0,"673":0,"674":0,"675":0,"676":0,"677":0,"678":0,"679":0,"680":0,"681":0,"682":0,"683":0,"684":0,"685":0,"686":0,"687":0,"688":0,"689":0,"690":0,"691":0,"692":0,"693":0,"694":0,"695":0,"696":0,"697":0,"698":0,"699":0,"700":0,"701":0,"702":0,"703":0,"704":0,"705":0,"706":0,"707":0,"708":0,"709":0,"710":0,"711":0,"712":0,"713":0,"714":0,"715":0,"716":0,"717":0,"718":0,"719":0,"720":0,"721":0,"722":0,"723":0,"724":0,"725":0,"726":0,"727":0,"728":0,"729":0,"730":0,"731":0,"732":0,"733":0,"734":0,"735":0,"736":0,"737":0,"738":0,"739":0,"740":0,"741":0,"742":0,"743":0,"744":0,"745":0,"746":0,"747":0,"748":0,"749":0,"750":0,"751":0,"752":0,"753":0,"754":0,"755":0,"756":0,"757":1,"758":0,"759":0,"760":0,"761":0,"762":0,"763":0,"764":0,"765":0,"766":0,"767":0,"768":0,"769":0,"770":0,"771":0,"772":0,"773":0,"774":0,"775":0,"776":0,"777":0,"778":0,"779":0,"780":0,"781":0,"782":0,"783":0,"784":0,"785":0,"786":0,"787":0,"788":0,"789":0,"790":0,"791":0,"792":0,"793":0,"794":0,"795":0,"796":0,"797":0,"798":0,"799":0,"800":0,"801":0,"802":0,"803":0,"804":0,"805":0,"806":0,"807":0,"808":0,"809":0,"810":0,"811":0,"812":0,"813":0,"814":0,"815":0,"816":0,"817":0,"818":0,"819":0,"820":0,"821":0,"822":0,"823":0,"824":0,"825":0,"826":0,"827":0,"828":0,"829":0,"830":0,"831":0,"832":0,"833":0,"834":0,"835":0,"836":0,"837":0,"838":0,"839":0,"840":0,"841":0,"842":0,"843":0,"844":0,"845":0,"846":0,"847":0,"848":1,"849":0,"850":0,"851":0,"852":0,"853":0,"854":0,"855":0,"856":0,"857":0,"858":0,"859":0,"860":0,"861":0,"862":0,"863":0,"864":0,"865":0,"866":0,"867":0,"868":0,"869":0,"870":0,"871":0,"872":0,"873":0,"874":0,"875":0,"876":0,"877":0,"878":0,"879":0,"880":0,"881":0,"882":0,"883":0,"884":0,"885":0,"886":0,"887":0,"888":0,"889":0,"890":0,"891":0,"892":0,"893":0,"894":0,"895":0,"896":0,"897":0,"898":0,"899":0,"900":0,"901":0,"902":0,"903":0,"904":0,"905":0,"906":0,"907":0,"908":0,"909":0,"910":0,"911":0,"912":0,"913":0,"914":0,"915":0,"916":0,"917":0,"918":0,"919":0,"920":0,"921":0,"922":0,"923":0,"924":0,"925":0,"926":0,"927":0,"928":0,"929":0,"930":0,"931":0,"932":0,"933":0,"934":0,"935":0,"936":0,"937":0,"938":0,"939":0,"940":0,"941":0,"942":0,"943":0,"944":0,"945":0,"946":0,"947":0,"948":0,"949":0},"b":{"1":[2,0],"2":[0,0],"3":[0,0],"4":[0,0],"5":[0,0],"6":[0,0],"7":[0,0],"8":[0,0],"9":[0,0],"10":[0,0],"11":[0,0],"12":[0,0],"13":[0,0],"14":[0,0],"15":[0,0],"16":[0,0],"17":[0,0],"18":[0,0],"19":[0,0],"20":[0,0],"21":[0,0],"22":[0,0],"23":[0,0],"24":[0,0],"25":[0,0],"26":[0,0],"27":[0,0],"28":[0,0],"29":[0,0],"30":[0,0],"31":[0,0],"32":[0,0],"33":[0,0,0],"34":[0,0],"35":[0,0],"36":[0,0],"37":[0,0],"38":[0,0],"39":[0,0],"40":[0,0],"41":[0,0],"42":[0,0],"43":[0,0],"44":[0,0],"45":[0,0],"46":[0,0],"47":[0,0],"48":[0,0],"49":[0,0],"50":[0,0],"51":[0,0],"52":[0,0],"53":[0,0],"54":[0,0],"55":[0,0],"56":[0,0],"57":[0,0],"58":[0,0],"59":[0,0],"60":[0,0],"61":[0,0],"62":[0,0],"63":[0,0,0],"64":[0,0],"65":[0,0],"66":[0,0],"67":[0,0],"68":[0,0],"69":[0,0],"70":[0,0],"71":[0,0],"72":[0,0],"73":[0,0],"74":[0,0],"75":[0,0],"76":[0,0],"77":[0,0],"78":[0,0],"79":[0,0],"80":[0,0],"81":[0,0],"82":[0,0],"83":[0,0],"84":[0,0],"85":[0,0],"86":[0,0,0],"87":[0,0],"88":[0,0],"89":[0,0,0,0],"90":[0,0],"91":[0,0],"92":[0,0],"93":[0,0],"94":[0,0],"95":[0,0],"96":[0,0],"97":[0,0],"98":[0,0],"99":[0,0],"100":[0,0],"101":[0,0],"102":[0,0],"103":[0,0],"104":[0,0,0],"105":[0,0],"106":[0,0],"107":[0,0],"108":[0,0],"109":[0,0],"110":[0,0],"111":[0,0],"112":[0,0],"113":[0,0],"114":[0,0],"115":[0,0,0],"116":[0,0],"117":[0,0],"118":[0,0],"119":[0,0],"120":[0,0],"121":[0,0],"122":[0,0],"123":[0,0],"124":[0,0],"125":[0,0],"126":[0,0],"127":[0,0],"128":[0,0],"129":[0,0],"130":[0,0],"131":[0,0],"132":[0,0],"133":[0,0],"134":[0,0],"135":[0,0],"136":[0,0],"137":[0,0],"138":[0,0],"139":[0,0],"140":[0,0],"141":[0,0],"142":[0,0],"143":[0,0],"144":[0,0],"145":[0,0],"146":[0,0],"147":[0,0],"148":[0,0],"149":[0,0],"150":[0,0],"151":[0,0],"152":[0,0],"153":[0,0],"154":[0,0],"155":[0,0],"156":[0,0],"157":[0,0],"158":[0,0],"159":[0,0,0],"160":[0,0],"161":[0,0],"162":[0,0],"163":[0,0],"164":[0,0],"165":[0,0],"166":[0,0],"167":[0,0],"168":[0,0],"169":[0,0],"170":[0,0],"171":[0,0],"172":[0,0],"173":[0,0],"174":[0,0],"175":[0,0],"176":[0,0],"177":[0,0],"178":[0,0],"179":[0,0],"180":[0,0],"181":[0,0],"182":[0,0],"183":[0,0],"184":[0,0],"185":[0,0],"186":[0,0],"187":[0,0],"188":[0,0],"189":[0,0],"190":[0,0],"191":[0,0],"192":[0,0],"193":[0,0],"194":[0,0],"195":[0,0],"196":[0,0],"197":[0,0],"198":[0,0],"199":[0,0],"200":[0,0],"201":[0,0],"202":[0,0],"203":[0,0],"204":[0,0],"205":[0,0],"206":[0,0],"207":[0,0],"208":[0,0],"209":[0,0],"210":[0,0],"211":[0,0],"212":[0,0],"213":[0,0],"214":[0,0],"215":[0,0],"216":[0,0],"217":[0,0],"218":[0,0],"219":[0,0],"220":[0,0],"221":[0,0],"222":[0,0],"223":[0,0],"224":[0,0],"225":[0,0],"226":[0,0],"227":[0,0],"228":[0,0],"229":[0,0],"230":[0,0],"231":[0,0],"232":[0,0],"233":[0,0],"234":[0,0],"235":[0,0],"236":[0,0],"237":[0,0],"238":[0,0],"239":[0,0],"240":[0,0],"241":[0,0],"242":[0,0],"243":[0,0],"244":[0,0],"245":[0,0],"246":[0,0],"247":[0,0],"248":[0,0],"249":[0,0],"250":[0,0],"251":[0,0],"252":[0,0,0,0],"253":[0,0],"254":[0,0],"255":[0,0],"256":[0,0,0,0,0],"257":[0,0],"258":[0,0],"259":[0,0],"260":[0,0],"261":[0,0],"262":[0,0],"263":[0,0],"264":[0,0,0,0,0],"265":[0,0],"266":[0,0],"267":[0,0],"268":[0,0],"269":[0,0],"270":[0,0],"271":[0,0],"272":[0,0],"273":[0,0,0],"274":[0,0],"275":[0,0],"276":[0,0],"277":[0,0],"278":[0,0],"279":[0,0],"280":[0,0],"281":[0,0],"282":[0,0],"283":[0,0],"284":[0,0],"285":[0,0],"286":[0,0],"287":[0,0],"288":[0,0],"289":[0,0],"290":[0,0],"291":[0,0],"292":[0,0],"293":[0,0],"294":[0,0],"295":[0,0],"296":[0,0],"297":[0,0],"298":[0,0],"299":[0,0],"300":[0,0],"301":[0,0],"302":[0,0],"303":[0,0]},"f":{"1":0,"2":0,"3":0,"4":0,"5":0,"6":0,"7":0,"8":0,"9":0,"10":0,"11":0,"12":0,"13":0,"14":0,"15":0,"16":0,"17":0,"18":0,"19":0,"20":0,"21":0,"22":0,"23":0,"24":0,"25":0,"26":0,"27":0,"28":0,"29":0,"30":0,"31":0,"32":0,"33":0,"34":0,"35":0,"36":0,"37":0,"38":0,"39":0,"40":0,"41":0,"42":0,"43":0,"44":0,"45":0,"46":0,"47":0,"48":0,"49":0,"50":0,"51":0,"52":0,"53":0,"54":0,"55":0,"56":0,"57":0,"58":0,"59":0,"60":0,"61":0,"62":0,"63":0,"64":0,"65":0,"66":0,"67":0,"68":0,"69":0,"70":0,"71":0,"72":0,"73":0,"74":0,"75":0,"76":0,"77":0,"78":0,"79":0,"80":0,"81":0,"82":0,"83":0,"84":0,"85":0,"86":0,"87":0,"88":0,"89":0,"90":0,"91":0,"92":0,"93":0,"94":0,"95":0,"96":0,"97":0,"98":0,"99":0,"100":0,"101":0,"102":0,"103":0,"104":0,"105":0,"106":0,"107":0,"108":0,"109":0,"110":0,"111":0,"112":0,"113":0,"114":0,"115":0,"116":0,"117":0,"118":0,"119":0,"120":0,"121":0,"122":0,"123":0,"124":0,"125":0,"126":0,"127":0,"128":0,"129":0,"130":0,"131":0,"132":0,"133":0,"134":0,"135":0,"136":0,"137":0,"138":0,"139":0,"140":0,"141":0,"142":0,"143":0,"144":0,"145":0,"146":0,"147":0,"148":0,"149":0,"150":0,"151":0,"152":0,"153":0,"154":0,"155":0,"156":0,"157":0,"158":0,"159":0,"160":0,"161":0,"162":0,"163":0,"164":0,"165":0,"166":0,"167":0},"fnMap":{"1":{"name":"(anonymous_1)","line":18,"loc":{"start":{"line":18,"column":1},"end":{"line":18,"column":14}}},"2":{"name":"transitionEnd","line":24,"loc":{"start":{"line":24,"column":2},"end":{"line":24,"column":27}}},"3":{"name":"(anonymous_3)","line":44,"loc":{"start":{"line":44,"column":30},"end":{"line":44,"column":50}}},"4":{"name":"(anonymous_4)","line":46,"loc":{"start":{"line":46,"column":42},"end":{"line":46,"column":54}}},"5":{"name":"(anonymous_5)","line":47,"loc":{"start":{"line":47,"column":19},"end":{"line":47,"column":31}}},"6":{"name":"(anonymous_6)","line":52,"loc":{"start":{"line":52,"column":4},"end":{"line":52,"column":16}}},"7":{"name":"(anonymous_7)","line":67,"loc":{"start":{"line":67,"column":1},"end":{"line":67,"column":14}}},"8":{"name":"(anonymous_8)","line":74,"loc":{"start":{"line":74,"column":16},"end":{"line":74,"column":30}}},"9":{"name":"(anonymous_9)","line":78,"loc":{"start":{"line":78,"column":26},"end":{"line":78,"column":39}}},"10":{"name":"removeElement","line":101,"loc":{"start":{"line":101,"column":4},"end":{"line":101,"column":29}}},"11":{"name":"(anonymous_11)","line":118,"loc":{"start":{"line":118,"column":15},"end":{"line":118,"column":33}}},"12":{"name":"(anonymous_12)","line":119,"loc":{"start":{"line":119,"column":21},"end":{"line":119,"column":33}}},"13":{"name":"(anonymous_13)","line":134,"loc":{"start":{"line":134,"column":26},"end":{"line":134,"column":38}}},"14":{"name":"(anonymous_14)","line":156,"loc":{"start":{"line":156,"column":1},"end":{"line":156,"column":14}}},"15":{"name":"(anonymous_15)","line":162,"loc":{"start":{"line":162,"column":15},"end":{"line":162,"column":43}}},"16":{"name":"(anonymous_16)","line":172,"loc":{"start":{"line":172,"column":30},"end":{"line":172,"column":47}}},"17":{"name":"(anonymous_17)","line":185,"loc":{"start":{"line":185,"column":23},"end":{"line":185,"column":35}}},"18":{"name":"(anonymous_18)","line":196,"loc":{"start":{"line":196,"column":28},"end":{"line":196,"column":40}}},"19":{"name":"(anonymous_19)","line":218,"loc":{"start":{"line":218,"column":16},"end":{"line":218,"column":34}}},"20":{"name":"(anonymous_20)","line":219,"loc":{"start":{"line":219,"column":21},"end":{"line":219,"column":33}}},"21":{"name":"(anonymous_21)","line":237,"loc":{"start":{"line":237,"column":27},"end":{"line":237,"column":39}}},"22":{"name":"(anonymous_22)","line":246,"loc":{"start":{"line":246,"column":70},"end":{"line":246,"column":83}}},"23":{"name":"(anonymous_23)","line":264,"loc":{"start":{"line":264,"column":1},"end":{"line":264,"column":14}}},"24":{"name":"(anonymous_24)","line":270,"loc":{"start":{"line":270,"column":17},"end":{"line":270,"column":45}}},"25":{"name":"(anonymous_25)","line":291,"loc":{"start":{"line":291,"column":30},"end":{"line":291,"column":43}}},"26":{"name":"(anonymous_26)","line":303,"loc":{"start":{"line":303,"column":38},"end":{"line":303,"column":50}}},"27":{"name":"(anonymous_27)","line":310,"loc":{"start":{"line":310,"column":26},"end":{"line":310,"column":41}}},"28":{"name":"(anonymous_28)","line":316,"loc":{"start":{"line":316,"column":73},"end":{"line":316,"column":85}}},"29":{"name":"(anonymous_29)","line":322,"loc":{"start":{"line":322,"column":29},"end":{"line":322,"column":42}}},"30":{"name":"(anonymous_30)","line":335,"loc":{"start":{"line":335,"column":28},"end":{"line":335,"column":40}}},"31":{"name":"(anonymous_31)","line":340,"loc":{"start":{"line":340,"column":28},"end":{"line":340,"column":40}}},"32":{"name":"(anonymous_32)","line":345,"loc":{"start":{"line":345,"column":29},"end":{"line":345,"column":51}}},"33":{"name":"(anonymous_33)","line":370,"loc":{"start":{"line":370,"column":44},"end":{"line":370,"column":56}}},"34":{"name":"(anonymous_34)","line":382,"loc":{"start":{"line":382,"column":39},"end":{"line":382,"column":51}}},"35":{"name":"(anonymous_35)","line":386,"loc":{"start":{"line":386,"column":21},"end":{"line":386,"column":33}}},"36":{"name":"(anonymous_36)","line":407,"loc":{"start":{"line":407,"column":18},"end":{"line":407,"column":36}}},"37":{"name":"(anonymous_37)","line":408,"loc":{"start":{"line":408,"column":21},"end":{"line":408,"column":33}}},"38":{"name":"(anonymous_38)","line":427,"loc":{"start":{"line":427,"column":29},"end":{"line":427,"column":41}}},"39":{"name":"(anonymous_39)","line":436,"loc":{"start":{"line":436,"column":80},"end":{"line":436,"column":93}}},"40":{"name":"(anonymous_40)","line":452,"loc":{"start":{"line":452,"column":23},"end":{"line":452,"column":35}}},"41":{"name":"(anonymous_41)","line":453,"loc":{"start":{"line":453,"column":37},"end":{"line":453,"column":49}}},"42":{"name":"(anonymous_42)","line":470,"loc":{"start":{"line":470,"column":1},"end":{"line":470,"column":14}}},"43":{"name":"(anonymous_43)","line":476,"loc":{"start":{"line":476,"column":17},"end":{"line":476,"column":45}}},"44":{"name":"(anonymous_44)","line":489,"loc":{"start":{"line":489,"column":33},"end":{"line":489,"column":45}}},"45":{"name":"(anonymous_45)","line":494,"loc":{"start":{"line":494,"column":28},"end":{"line":494,"column":40}}},"46":{"name":"(anonymous_46)","line":519,"loc":{"start":{"line":519,"column":19},"end":{"line":519,"column":31}}},"47":{"name":"(anonymous_47)","line":538,"loc":{"start":{"line":538,"column":28},"end":{"line":538,"column":40}}},"48":{"name":"(anonymous_48)","line":558,"loc":{"start":{"line":558,"column":19},"end":{"line":558,"column":31}}},"49":{"name":"(anonymous_49)","line":574,"loc":{"start":{"line":574,"column":30},"end":{"line":574,"column":42}}},"50":{"name":"(anonymous_50)","line":584,"loc":{"start":{"line":584,"column":18},"end":{"line":584,"column":36}}},"51":{"name":"(anonymous_51)","line":585,"loc":{"start":{"line":585,"column":21},"end":{"line":585,"column":33}}},"52":{"name":"(anonymous_52)","line":602,"loc":{"start":{"line":602,"column":29},"end":{"line":602,"column":41}}},"53":{"name":"(anonymous_53)","line":611,"loc":{"start":{"line":611,"column":73},"end":{"line":611,"column":86}}},"54":{"name":"(anonymous_54)","line":641,"loc":{"start":{"line":641,"column":1},"end":{"line":641,"column":14}}},"55":{"name":"(anonymous_55)","line":649,"loc":{"start":{"line":649,"column":17},"end":{"line":649,"column":36}}},"56":{"name":"(anonymous_56)","line":653,"loc":{"start":{"line":653,"column":30},"end":{"line":653,"column":43}}},"57":{"name":"(anonymous_57)","line":684,"loc":{"start":{"line":684,"column":31},"end":{"line":684,"column":44}}},"58":{"name":"clearMenus","line":716,"loc":{"start":{"line":716,"column":2},"end":{"line":716,"column":25}}},"59":{"name":"(anonymous_59)","line":718,"loc":{"start":{"line":718,"column":19},"end":{"line":718,"column":31}}},"60":{"name":"getParent","line":728,"loc":{"start":{"line":728,"column":2},"end":{"line":728,"column":28}}},"61":{"name":"(anonymous_61)","line":747,"loc":{"start":{"line":747,"column":18},"end":{"line":747,"column":36}}},"62":{"name":"(anonymous_62)","line":748,"loc":{"start":{"line":748,"column":21},"end":{"line":748,"column":33}}},"63":{"name":"(anonymous_63)","line":763,"loc":{"start":{"line":763,"column":29},"end":{"line":763,"column":41}}},"64":{"name":"(anonymous_64)","line":774,"loc":{"start":{"line":774,"column":56},"end":{"line":774,"column":69}}},"65":{"name":"(anonymous_65)","line":789,"loc":{"start":{"line":789,"column":1},"end":{"line":789,"column":14}}},"66":{"name":"(anonymous_66)","line":795,"loc":{"start":{"line":795,"column":14},"end":{"line":795,"column":42}}},"67":{"name":"(anonymous_67)","line":804,"loc":{"start":{"line":804,"column":43},"end":{"line":804,"column":55}}},"68":{"name":"(anonymous_68)","line":816,"loc":{"start":{"line":816,"column":27},"end":{"line":816,"column":53}}},"69":{"name":"(anonymous_69)","line":820,"loc":{"start":{"line":820,"column":25},"end":{"line":820,"column":51}}},"70":{"name":"(anonymous_70)","line":834,"loc":{"start":{"line":834,"column":18},"end":{"line":834,"column":30}}},"71":{"name":"(anonymous_71)","line":859,"loc":{"start":{"line":859,"column":41},"end":{"line":859,"column":53}}},"72":{"name":"(anonymous_72)","line":867,"loc":{"start":{"line":867,"column":25},"end":{"line":867,"column":38}}},"73":{"name":"(anonymous_73)","line":894,"loc":{"start":{"line":894,"column":33},"end":{"line":894,"column":45}}},"74":{"name":"(anonymous_74)","line":897,"loc":{"start":{"line":897,"column":38},"end":{"line":897,"column":51}}},"75":{"name":"(anonymous_75)","line":904,"loc":{"start":{"line":904,"column":27},"end":{"line":904,"column":39}}},"76":{"name":"(anonymous_76)","line":906,"loc":{"start":{"line":906,"column":57},"end":{"line":906,"column":70}}},"77":{"name":"(anonymous_77)","line":914,"loc":{"start":{"line":914,"column":30},"end":{"line":914,"column":42}}},"78":{"name":"(anonymous_78)","line":917,"loc":{"start":{"line":917,"column":18},"end":{"line":917,"column":30}}},"79":{"name":"(anonymous_79)","line":923,"loc":{"start":{"line":923,"column":35},"end":{"line":923,"column":47}}},"80":{"name":"(anonymous_80)","line":928,"loc":{"start":{"line":928,"column":29},"end":{"line":928,"column":49}}},"81":{"name":"(anonymous_81)","line":937,"loc":{"start":{"line":937,"column":57},"end":{"line":937,"column":70}}},"82":{"name":"(anonymous_82)","line":976,"loc":{"start":{"line":976,"column":15},"end":{"line":976,"column":49}}},"83":{"name":"(anonymous_83)","line":977,"loc":{"start":{"line":977,"column":21},"end":{"line":977,"column":33}}},"84":{"name":"(anonymous_84)","line":994,"loc":{"start":{"line":994,"column":26},"end":{"line":994,"column":38}}},"85":{"name":"(anonymous_85)","line":1003,"loc":{"start":{"line":1003,"column":69},"end":{"line":1003,"column":82}}},"86":{"name":"(anonymous_86)","line":1013,"loc":{"start":{"line":1013,"column":19},"end":{"line":1013,"column":31}}},"87":{"name":"(anonymous_87)","line":1019,"loc":{"start":{"line":1019,"column":35},"end":{"line":1019,"column":47}}},"88":{"name":"(anonymous_88)","line":1020,"loc":{"start":{"line":1020,"column":37},"end":{"line":1020,"column":49}}},"89":{"name":"(anonymous_89)","line":1034,"loc":{"start":{"line":1034,"column":1},"end":{"line":1034,"column":14}}},"90":{"name":"(anonymous_90)","line":1040,"loc":{"start":{"line":1040,"column":16},"end":{"line":1040,"column":44}}},"91":{"name":"(anonymous_91)","line":1063,"loc":{"start":{"line":1063,"column":27},"end":{"line":1063,"column":61}}},"92":{"name":"(anonymous_92)","line":1090,"loc":{"start":{"line":1090,"column":34},"end":{"line":1090,"column":46}}},"93":{"name":"(anonymous_93)","line":1094,"loc":{"start":{"line":1094,"column":33},"end":{"line":1094,"column":52}}},"94":{"name":"(anonymous_94)","line":1107,"loc":{"start":{"line":1107,"column":41},"end":{"line":1107,"column":53}}},"95":{"name":"(anonymous_95)","line":1111,"loc":{"start":{"line":1111,"column":43},"end":{"line":1111,"column":65}}},"96":{"name":"(anonymous_96)","line":1118,"loc":{"start":{"line":1118,"column":28},"end":{"line":1118,"column":43}}},"97":{"name":"(anonymous_97)","line":1128,"loc":{"start":{"line":1128,"column":30},"end":{"line":1128,"column":42}}},"98":{"name":"(anonymous_98)","line":1133,"loc":{"start":{"line":1133,"column":28},"end":{"line":1133,"column":43}}},"99":{"name":"(anonymous_99)","line":1143,"loc":{"start":{"line":1143,"column":30},"end":{"line":1143,"column":42}}},"100":{"name":"(anonymous_100)","line":1148,"loc":{"start":{"line":1148,"column":27},"end":{"line":1148,"column":39}}},"101":{"name":"(anonymous_101)","line":1207,"loc":{"start":{"line":1207,"column":21},"end":{"line":1207,"column":32}}},"102":{"name":"(anonymous_102)","line":1219,"loc":{"start":{"line":1219,"column":37},"end":{"line":1219,"column":66}}},"103":{"name":"(anonymous_103)","line":1239,"loc":{"start":{"line":1239,"column":13},"end":{"line":1239,"column":30}}},"104":{"name":"(anonymous_104)","line":1279,"loc":{"start":{"line":1279,"column":35},"end":{"line":1279,"column":73}}},"105":{"name":"(anonymous_105)","line":1283,"loc":{"start":{"line":1283,"column":33},"end":{"line":1283,"column":45}}},"106":{"name":"(anonymous_106)","line":1291,"loc":{"start":{"line":1291,"column":27},"end":{"line":1291,"column":39}}},"107":{"name":"complete","line":1296,"loc":{"start":{"line":1296,"column":4},"end":{"line":1296,"column":24}}},"108":{"name":"(anonymous_108)","line":1318,"loc":{"start":{"line":1318,"column":31},"end":{"line":1318,"column":43}}},"109":{"name":"(anonymous_109)","line":1325,"loc":{"start":{"line":1325,"column":33},"end":{"line":1325,"column":45}}},"110":{"name":"(anonymous_110)","line":1329,"loc":{"start":{"line":1329,"column":34},"end":{"line":1329,"column":46}}},"111":{"name":"(anonymous_111)","line":1337,"loc":{"start":{"line":1337,"column":42},"end":{"line":1337,"column":95}}},"112":{"name":"(anonymous_112)","line":1344,"loc":{"start":{"line":1344,"column":31},"end":{"line":1344,"column":43}}},"113":{"name":"(anonymous_113)","line":1355,"loc":{"start":{"line":1355,"column":26},"end":{"line":1355,"column":38}}},"114":{"name":"(anonymous_114)","line":1359,"loc":{"start":{"line":1359,"column":28},"end":{"line":1359,"column":40}}},"115":{"name":"(anonymous_115)","line":1363,"loc":{"start":{"line":1363,"column":31},"end":{"line":1363,"column":43}}},"116":{"name":"(anonymous_116)","line":1371,"loc":{"start":{"line":1371,"column":29},"end":{"line":1371,"column":41}}},"117":{"name":"(anonymous_117)","line":1375,"loc":{"start":{"line":1375,"column":30},"end":{"line":1375,"column":42}}},"118":{"name":"(
[...]
ION","  // =========================","","  var old = $.fn.popover","","  $.fn.popover = function (option) {","    return this.each(function () {","      var $this   = $(this)","      var data    = $this.data('bs.popover')","      var options = typeof option == 'object' && option","","      if (!data && option == 'destroy') return","      if (!data) $this.data('bs.popover', (data = new Popover(this, options)))","      if (typeof option == 'string') data[option]()","    })","  }","","  $.fn.popover.Constructor = Popover","","","  // POPOVER NO CONFLICT","  // ===================","","  $.fn.popover.noConflict = function () {","    $.fn.popover = old","    return this","  }","","}(jQuery);","","/* ========================================================================"," * Bootstrap: scrollspy.js v3.1.1"," * http://getbootstrap.com/javascript/#scrollspy"," * ========================================================================"," * Copyright 2011-2014 Twitter, Inc."," * Licensed under MIT (https://github.com/twbs/bootstrap/blob/master/LICENSE)"," * ======================================================================== */","","","+function ($) {","  'use strict';","","  // SCROLLSPY CLASS DEFINITION","  // ==========================","","  function ScrollSpy(element, options) {","    var href","    var process  = $.proxy(this.process, this)","","    this.$element       = $(element).is('body') ? $(window) : $(element)","    this.$body          = $('body')","    this.$scrollElement = this.$element.on('scroll.bs.scroll-spy.data-api', process)","    this.options        = $.extend({}, ScrollSpy.DEFAULTS, options)","    this.selector       = (this.options.target","      || ((href = $(element).attr('href')) && href.replace(/.*(?=#[^\\s]+$)/, '')) //strip for ie7","      || '') + ' .nav li > a'","    this.offsets        = $([])","    this.targets        = $([])","    this.activeTarget   = null","","    this.refresh()","    this.process()","  }","","  ScrollSpy.DEFAULTS = {","    offset: 10","  }","","  ScrollSpy.prototype.refresh = function () {","    var offsetMethod = this.$element[0] == window ? 'offset' : 'position'","","    this.offsets = $([])","    this.targets = $([])","","    var self     = this","    var $targets = this.$body","      .find(this.selector)","      .map(function () {","        var $el   = $(this)","        var href  = $el.data('target') || $el.attr('href')","        var $href = /^#./.test(href) && $(href)","","        return ($href","          && $href.length","          && $href.is(':visible')","          && [[ $href[offsetMethod]().top + (!$.isWindow(self.$scrollElement.get(0)) && self.$scrollElement.scrollTop()), href ]]) || null","      })","      .sort(function (a, b) { return a[0] - b[0] })","      .each(function () {","        self.offsets.push(this[0])","        self.targets.push(this[1])","      })","  }","","  ScrollSpy.prototype.process = function () {","    var scrollTop    = this.$scrollElement.scrollTop() + this.options.offset","    var scrollHeight = this.$scrollElement[0].scrollHeight || this.$body[0].scrollHeight","    var maxScroll    = scrollHeight - this.$scrollElement.height()","    var offsets      = this.offsets","    var targets      = this.targets","    var activeTarget = this.activeTarget","    var i","","    if (scrollTop >= maxScroll) {","      return activeTarget != (i = targets.last()[0]) && this.activate(i)","    }","","    if (activeTarget && scrollTop <= offsets[0]) {","      return activeTarget != (i = targets[0]) && this.activate(i)","    }","","    for (i = offsets.length; i--;) {","      activeTarget != targets[i]","        && scrollTop >= offsets[i]","        && (!offsets[i + 1] || scrollTop <= offsets[i + 1])","        && this.activate( targets[i] )","    }","  }","","  ScrollSpy.prototype.activate = function (target) {","    this.activeTarget = target","","    $(this.selector)","      .parentsUntil(this.options.target, '.active')","      .removeClass('active')","","    var selector = this.selector +","        '[data-target=\"' + target + '\"],' +","        this.selector + '[href=\"' + target + '\"]'","","    var active = $(selector)","      .parents('li')","      .addClass('active')","","    if (active.parent('.dropdown-menu').length) {","      active = active","        .closest('li.dropdown')","        .addClass('active')","    }","","    active.trigger('activate.bs.scrollspy')","  }","","","  // SCROLLSPY PLUGIN DEFINITION","  // ===========================","","  var old = $.fn.scrollspy","","  $.fn.scrollspy = function (option) {","    return this.each(function () {","      var $this   = $(this)","      var data    = $this.data('bs.scrollspy')","      var options = typeof option == 'object' && option","","      if (!data) $this.data('bs.scrollspy', (data = new ScrollSpy(this, options)))","      if (typeof option == 'string') data[option]()","    })","  }","","  $.fn.scrollspy.Constructor = ScrollSpy","","","  // SCROLLSPY NO CONFLICT","  // =====================","","  $.fn.scrollspy.noConflict = function () {","    $.fn.scrollspy = old","    return this","  }","","","  // SCROLLSPY DATA-API","  // ==================","","  $(window).on('load', function () {","    $('[data-spy=\"scroll\"]').each(function () {","      var $spy = $(this)","      $spy.scrollspy($spy.data())","    })","  })","","}(jQuery);","","/* ========================================================================"," * Bootstrap: tab.js v3.1.1"," * http://getbootstrap.com/javascript/#tabs"," * ========================================================================"," * Copyright 2011-2014 Twitter, Inc."," * Licensed under MIT (https://github.com/twbs/bootstrap/blob/master/LICENSE)"," * ======================================================================== */","","","+function ($) {","  'use strict';","","  // TAB CLASS DEFINITION","  // ====================","","  var Tab = function (element) {","    this.element = $(element)","  }","","  Tab.prototype.show = function () {","    var $this    = this.element","    var $ul      = $this.closest('ul:not(.dropdown-menu)')","    var selector = $this.data('target')","","    if (!selector) {","      selector = $this.attr('href')","      selector = selector && selector.replace(/.*(?=#[^\\s]*$)/, '') //strip for ie7","    }","","    if ($this.parent('li').hasClass('active')) return","","    var previous = $ul.find('.active:last a')[0]","    var e        = $.Event('show.bs.tab', {","      relatedTarget: previous","    })","","    $this.trigger(e)","","    if (e.isDefaultPrevented()) return","","    var $target = $(selector)","","    this.activate($this.parent('li'), $ul)","    this.activate($target, $target.parent(), function () {","      $this.trigger({","        type: 'shown.bs.tab',","        relatedTarget: previous","      })","    })","  }","","  Tab.prototype.activate = function (element, container, callback) {","    var $active    = container.find('> .active')","    var transition = callback","      && $.support.transition","      && $active.hasClass('fade')","","    function next() {","      $active","        .removeClass('active')","        .find('> .dropdown-menu > .active')","        .removeClass('active')","","      element.addClass('active')","","      if (transition) {","        element[0].offsetWidth // reflow for transition","        element.addClass('in')","      } else {","        element.removeClass('fade')","      }","","      if (element.parent('.dropdown-menu')) {","        element.closest('li.dropdown').addClass('active')","      }","","      callback && callback()","    }","","    transition ?","      $active","        .one($.support.transition.end, next)","        .emulateTransitionEnd(150) :","      next()","","    $active.removeClass('in')","  }","","","  // TAB PLUGIN DEFINITION","  // =====================","","  var old = $.fn.tab","","  $.fn.tab = function ( option ) {","    return this.each(function () {","      var $this = $(this)","      var data  = $this.data('bs.tab')","","      if (!data) $this.data('bs.tab', (data = new Tab(this)))","      if (typeof option == 'string') data[option]()","    })","  }","","  $.fn.tab.Constructor = Tab","","","  // TAB NO CONFLICT","  // ===============","","  $.fn.tab.noConflict = function () {","    $.fn.tab = old","    return this","  }","","","  // TAB DATA-API","  // ============","","  $(document).on('click.bs.tab.data-api', '[data-toggle=\"tab\"], [data-toggle=\"pill\"]', function (e) {","    e.preventDefault()","    $(this).tab('show')","  })","","}(jQuery);","","/* ========================================================================"," * Bootstrap: affix.js v3.1.1"," * http://getbootstrap.com/javascript/#affix"," * ========================================================================"," * Copyright 2011-2014 Twitter, Inc."," * Licensed under MIT (https://github.com/twbs/bootstrap/blob/master/LICENSE)"," * ======================================================================== */","","","+function ($) {","  'use strict';","","  // AFFIX CLASS DEFINITION","  // ======================","","  var Affix = function (element, options) {","    this.options = $.extend({}, Affix.DEFAULTS, options)","    this.$window = $(window)","      .on('scroll.bs.affix.data-api', $.proxy(this.checkPosition, this))","      .on('click.bs.affix.data-api',  $.proxy(this.checkPositionWithEventLoop, this))","","    this.$element     = $(element)","    this.affixed      =","    this.unpin        =","    this.pinnedOffset = null","","    this.checkPosition()","  }","","  Affix.RESET = 'affix affix-top affix-bottom'","","  Affix.DEFAULTS = {","    offset: 0","  }","","  Affix.prototype.getPinnedOffset = function () {","    if (this.pinnedOffset) return this.pinnedOffset","    this.$element.removeClass(Affix.RESET).addClass('affix')","    var scrollTop = this.$window.scrollTop()","    var position  = this.$element.offset()","    return (this.pinnedOffset = position.top - scrollTop)","  }","","  Affix.prototype.checkPositionWithEventLoop = function () {","    setTimeout($.proxy(this.checkPosition, this), 1)","  }","","  Affix.prototype.checkPosition = function () {","    if (!this.$element.is(':visible')) return","","    var scrollHeight = $(document).height()","    var scrollTop    = this.$window.scrollTop()","    var position     = this.$element.offset()","    var offset       = this.options.offset","    var offsetTop    = offset.top","    var offsetBottom = offset.bottom","","    if (this.affixed == 'top') position.top += scrollTop","","    if (typeof offset != 'object')         offsetBottom = offsetTop = offset","    if (typeof offsetTop == 'function')    offsetTop    = offset.top(this.$element)","    if (typeof offsetBottom == 'function') offsetBottom = offset.bottom(this.$element)","","    var affix = this.unpin   != null && (scrollTop + this.unpin <= position.top) ? false :","                offsetBottom != null && (position.top + this.$element.height() >= scrollHeight - offsetBottom) ? 'bottom' :","                offsetTop    != null && (scrollTop <= offsetTop) ? 'top' : false","","    if (this.affixed === affix) return","    if (this.unpin) this.$element.css('top', '')","","    var affixType = 'affix' + (affix ? '-' + affix : '')","    var e         = $.Event(affixType + '.bs.affix')","","    this.$element.trigger(e)","","    if (e.isDefaultPrevented()) return","","    this.affixed = affix","    this.unpin = affix == 'bottom' ? this.getPinnedOffset() : null","","    this.$element","      .removeClass(Affix.RESET)","      .addClass(affixType)","      .trigger($.Event(affixType.replace('affix', 'affixed')))","","    if (affix == 'bottom') {","      this.$element.offset({ top: scrollHeight - offsetBottom - this.$element.height() })","    }","  }","","","  // AFFIX PLUGIN DEFINITION","  // =======================","","  var old = $.fn.affix","","  $.fn.affix = function (option) {","    return this.each(function () {","      var $this   = $(this)","      var data    = $this.data('bs.affix')","      var options = typeof option == 'object' && option","","      if (!data) $this.data('bs.affix', (data = new Affix(this, options)))","      if (typeof option == 'string') data[option]()","    })","  }","","  $.fn.affix.Constructor = Affix","","","  // AFFIX NO CONFLICT","  // =================","","  $.fn.affix.noConflict = function () {","    $.fn.affix = old","    return this","  }","","","  // AFFIX DATA-API","  // ==============","","  $(window).on('load', function () {","    $('[data-spy=\"affix\"]').each(function () {","      var $spy = $(this)","      var data = $spy.data()","","      data.offset = data.offset || {}","","      if (data.offsetBottom) data.offset.bottom = data.offsetBottom","      if (data.offsetTop)    data.offset.top    = data.offsetTop","","      $spy.affix(data)","    })","  })","","}(jQuery);",""],"l":{"7":2,"18":0,"24":1,"25":0,"27":0,"34":0,"35":0,"36":0,"40":0,"44":0,"45":0,"46":0,"47":0,"48":0,"49":0,"52":0,"53":0,"67":0,"73":0,"74":0,"75":0,"78":0,"79":0,"80":0,"82":0,"83":0,"84":0,"87":0,"89":0,"91":0,"92":0,"95":0,"97":0,"99":0,"101":1,"102":0,"105":0,"116":0,"118":0,"119":0,"120":0,"121":0,"123":0,"124":0,"128":0,"134":0,"135":0,"136":0,"143":0,"156":0,"162":0,"163":0,"164":0,"165":0,"168":0,"172":0,"173":0,"174":0,"175":0,"176":0,"178":0,"180":0,"182":0,"185":0,"186":0,"187":0,"188":0,"189":0,"190":0,"191":0,"196":0,"197":0,"198":0,"200":0,"201":0,"202":0,"203":0,"204":0,"206":0,"209":0,"216":0,"218":0,"219":0,"220":0,"221":0,"222":0,"224":0,"226":0,"227":0,"231":0,"237":0,"238":0,"239":0,"246":0,"247":0,"248":0,"249":0,"250":0,"264":0,"270":0,"271":0,"272":0,"273":0,"274":0,"280":0,"285":0,"291":0,"292":0,"294":0,"296":0,"300":0,"303":0,"304":0,"305":0,"307":0,"310":0,"311":0,"312":0,"314":0,"316":0,"317":0,"319":0,"322":0,"323":0,"325":0,"326":0,"327":0,"330":0,"332":0,"335":0,"336":0,"337":0,"340":0,"341":0,"342":0,"345":0,"346":0,"347":0,"348":0,"349":0,"350":0,"351":0,"353":0,"354":0,"355":0,"358":0,"360":0,"361":0,"362":0,"364":0,"366":0,"368":0,"369":0,"370":0,"371":0,"372":0,"376":0,"377":0,"378":0,"379":0,"380":0,"381":0,"383":0,"384":0,"385":0,"386":0,"390":0,"391":0,"392":0,"393":0,"396":0,"398":0,"405":0,"407":0,"408":0,"409":0,"410":0,"411":0,"412":0,"414":0,"415":0,"416":0,"417":0,"421":0,"427":0,"428":0,"429":0,"436":0,"437":0,"438":0,"439":0,"440":0,"441":0,"443":0,"445":0,"446":0,"449":0,"452":0,"453":0,"454":0,"455":0,"470":0,"476":0,"477":0,"478":0,"479":0,"481":0,"482":0,"485":0,"489":0,"490":0,"491":0,"494":0,"495":0,"497":0,"498":0,"499":0,"501":0,"503":0,"504":0,"505":0,"506":0,"507":0,"510":0,"512":0,"517":0,"519":0,"520":0,"524":0,"525":0,"528":0,"530":0,"532":0,"538":0,"539":0,"541":0,"542":0,"543":0,"545":0,"547":0,"551":0,"556":0,"558":0,"559":0,"560":0,"566":0,"568":0,"574":0,"575":0,"582":0,"584":0,"585":0,"586":0,"587":0,"588":0,"590":0,"591":0,"592":0,"596":0,"602":0,"603":0,"604":0,"611":0,"612":0,"613":0,"616":0,"617":0,"618":0,"619":0,"620":0,"622":0,"623":0,"624":0,"627":0,"641":0,"647":0,"648":0,"649":0,"650":0,"653":0,"654":0,"656":0,"658":0,"659":0,"661":0,"663":0,"664":0,"666":0,"669":0,"670":0,"672":0,"674":0,"678":0,"681":0,"684":0,"685":0,"687":0,"689":0,"690":0,"692":0,"694":0,"695":0,"697":0,"698":0,"699":0,"702":0,"703":0,"705":0,"707":0,"709":0,"710":0,"711":0,"713":0,"716":1,"717":0,"718":0,"719":0,"720":0,"721":0,"722":0,"723":0,"724":0,"728":1,"729":0,"731":0,"732":0,"733":0,"736":0,"738":0,"745":0,"747":0,"748":0,"749":0,"750":0,"752":0,"753":0,"757":0,"763":0,"764":0,"765":0,"772":0,"774":0,"789":0,"795":0,"796":0,"797":0,"798":0,"801":0,"802":0,"805":0,"810":0,"816":0,"817":0,"820":0,"821":0,"822":0,"824":0,"826":0,"828":0,"830":0,"832":0,"834":0,"835":0,"837":0,"838":0,"841":0,"845":0,"846":0,"849":0,"853":0,"855":0,"857":0,"860":0,"867":0,"868":0,"870":0,"872":0,"874":0,"876":0,"878":0,"880":0,"882":0,"887":0,"894":0,"895":0,"898":0,"899":0,"904":0,"905":0,"906":0,"907":0,"909":0,"910":0,"914":0,"915":0,"916":0,"917":0,"918":0,"919":0,"923":0,"924":0,"925":0,"928":0,"929":0,"931":0,"932":0,"934":0,"937":0,"938":0,"939":0,"944":0,"946":0,"948":0,"950":0,"956":0,"957":0,"959":0,"965":0,"966":0,"974":0,"976":0,"977":0,"978":0,"979":0,"980":0,"982":0,"983":0,"984":0,"988":0,"994":0,"995":0,"996":0,"1003":0,"1004":0,"1005":0,"1006":0,"1007":0,"1009":0,"1011":0,"1014":0,"1018":0,"1019":0,"1020":0,"1034":0,"1040":0,"1041":0,"1048":0,"1051":0,"1063":0,"1064":0,"1065":0,"1066":0,"1067":0,"1069":0,"1071":0,"1072":0,"1074":0,"1075":0,"1076":0,"1077":0,"1078":0,"1080":0,"1081":0,"1085":0,"1090":0,"1091":0,"1094":0,"1095":0,"1097":0,"1098":0,"1104":0,"1107":0,"1108":0,"1109":0,"1111":0,"1112":0,"1115":0,"1118":0,"1119":0,"1122":0,"1124":0,"1126":0,"1128":0,"1129":0,"1133":0,"1134":0,"1137":0,"1139":0,"1141":0,"1143":0,"1144":0,"1148":0,"1149":0,"1151":0,"1152":0,"1154":0,"1155":0,"1157":0,"1159":0,"1161":0,"1163":0,"1167":0,"1168":0,"1169":0,"1171":0,"1176":0,"1178":0,"1179":0,"1180":0,"1182":0,"1183":0,"1185":0,"1186":0,"1187":0,"1188":0,"1189":0,"1191":0,"1197":0,"1202":0,"1204":0,"1205":0,"1207":0,"1208":0,"1211":0,"1219":0,"1220":0,"1221":0,"1222":0,"1223":0,"1226":0,"1227":0,"1230":0,"1231":0,"1233":0,"1234":0,"1238":0,"1240":0,"1247":0,"1250":0,"1251":0,"1253":0,"1254":0,"1255":0,"1258":0,"1259":0,"1261":0,"1262":0,"1263":0,"1265":0,"1267":0,"1268":0,"1271":0,"1273":0,"1276":0,"1279":0,"1280":0,"1283":0,"1284":0,"1285":0,"1287":0,"1288":0,"1291":0,"1292":0,"1293":0,"1294":0,"1296":1,"1297":0,"1298":0,"1301":0,"1303":0,"1305":0,"1307":0,"1313":0,"1315":0,"1318":0,"1319":0,"1320":0,"1321":0,"1325":0,"1326":0,"1329":0,"1330":0,"1331":0,"1337":0,"1338":0,"1344":0,"1345":0,"1346":0,"1347":0,"1349":0,"1352":0,"1355":0,"1356":0,"1359":0,"1360":0,"1363":0,"1364":0,"1365":0,"1366":0,"1367":0,"1371":0,"1372":0,"1375":0,"1376":0,"1379":0,"1380":0,"1383":0,"1384":0,"1385":0,"1388":0,"1389":0,"1390":0,"1397":0,"1399":0,"1400":0,"1401":0,"1402":0,"1403":0,"1405":0,"1406":0,"1407":0,"1411":0,"1417":0,"1418":0,"1419":0,"1433":0,"1439":0,"1440":0,"1443":0,"1445":0,"1456":0,"1458":0,"1460":0,"1461":0,"1464":0,"1465":0,"1466":0,"1467":0,"1469":0,"1470":0,"1474":0,"1478":0,"1481":0,"1482":0,"1485":0,"1486":0,"1487":0,"1489":0,"1495":0,"1496":0,"1499":0,"1500":0,"1501":0,"1508":0,"1510":0,"1511":0,"1512":0,"1513":0,"1514":0,"1516":0,"1517":0,"1518":0,"1522":0,"1528":0,"1529":0,"1530":0,"1544":0,"1550":1,"1551":0,"1552":0,"1554":0,"1555":0,"1556":0,"1557":0,"1558":0,"1561":0,"1562":0,"1563":0,"1565":0,"1566":0,"1569":0,"1573":0,"1574":0,"1576":0,"1577":0,"1579":0,"1580":0,"1583":0,"1584":0,"1585":0,"1587":0,"1592":0,"1594":0,"1595":0,"1599":0,"1600":0,"1601":0,"1602":0,"1603":0,"1604":0,"1605":0,"1606":0,"1608":0,"1609":0,"1612":0,"1613":0,"1616":0,"1617":0,"1624":0,"1625":0,"1627":0,"1631":0,"1635":0,"1639":0,"1640":0,"1645":0,"1652":0,"1654":0,"1655":0,"1656":0,"1657":0,"1658":0,"1660":0,"1661":0,"1665":0,"1671":0,"1672":0,"1673":0,"1680":0,"1681":0,"1682":0,"1683":0,"1698":0,"1704":0,"1705":0,"1708":0,"1709":0,"1710":0,"1711":0,"1713":0,"1714":0,"1715":0,"1718":0,"1720":0,"1721":0,"1725":0,"1727":0,"1729":0,"1731":0,"1732":0,"1733":0,"1740":0,"1741":0,"1742":0,"1746":1,"1747":0,"1752":0,"1754":0,"1755":0,"1756":0,"1758":0,"1761":0,"1762":0,"1765":0,"1768":0,"1774":0,"1781":0,"1783":0,"1784":0,"1785":0,"1786":0,"1788":0,"1789":0,"1793":0,"1799":0,"1800":0,"1801":0,"1808":0,"1809":0,"1810":0,"1824":0,"1830":0,"1831":0,"1832":0,"1836":0,"1837":0,"1841":0,"1844":0,"1846":0,"1850":0,"1851":0,"1852":0,"1853":0,"1854":0,"1855":0,"1858":0,"1859":0,"1862":0,"1863":0,"1865":0,"1866":0,"1867":0,"1868":0,"1869":0,"1870":0,"1872":0,"1874":0,"1875":0,"1876":0,"1878":0,"1882":0,"1883":0,"1885":0,"1886":0,"1888":0,"1890":0,"1892":0,"1893":0,"1895":0,"1900":0,"1901":0,"1909":0,"1911":0,"1912":0,"1913":0,"1914":0,"1915":0,"1917":0,"1918":0,"1922":0,"1928":0,"1929":0,"1930":0,"1937":0,"1938":0,"1939":0,"1940":0,"1942":0,"1944":0,"1945":0,"1947":0}}}